ARM GAS  C:\Users\15892\AppData\Local\Temp\ccBXAHSq.s 			page 1


   1              		.cpu cortex-m3
   2              		.arch armv7-m
   3              		.fpu softvfp
   4              		.eabi_attribute 20, 1
   5              		.eabi_attribute 21, 1
   6              		.eabi_attribute 23, 3
   7              		.eabi_attribute 24, 1
   8              		.eabi_attribute 25, 1
   9              		.eabi_attribute 26, 1
  10              		.eabi_attribute 30, 1
  11              		.eabi_attribute 34, 1
  12              		.eabi_attribute 18, 4
  13              		.file	"gpio.c"
  14              		.text
  15              	.Ltext0:
  16              		.cfi_sections	.debug_frame
  17              		.section	.text.MX_GPIO_Init,"ax",%progbits
  18              		.align	1
  19              		.global	MX_GPIO_Init
  20              		.syntax unified
  21              		.thumb
  22              		.thumb_func
  24              	MX_GPIO_Init:
  25              	.LFB65:
  26              		.file 1 "Core/Src/gpio.c"
   1:Core/Src/gpio.c **** /* USER CODE BEGIN Header */
   2:Core/Src/gpio.c **** /**
   3:Core/Src/gpio.c ****   ******************************************************************************
   4:Core/Src/gpio.c ****   * @file    gpio.c
   5:Core/Src/gpio.c ****   * @brief   This file provides code for the configuration
   6:Core/Src/gpio.c ****   *          of all used GPIO pins.
   7:Core/Src/gpio.c ****   ******************************************************************************
   8:Core/Src/gpio.c ****   * @attention
   9:Core/Src/gpio.c ****   *
  10:Core/Src/gpio.c ****   * Copyright (c) 2025 STMicroelectronics.
  11:Core/Src/gpio.c ****   * All rights reserved.
  12:Core/Src/gpio.c ****   *
  13:Core/Src/gpio.c ****   * This software is licensed under terms that can be found in the LICENSE file
  14:Core/Src/gpio.c ****   * in the root directory of this software component.
  15:Core/Src/gpio.c ****   * If no LICENSE file comes with this software, it is provided AS-IS.
  16:Core/Src/gpio.c ****   *
  17:Core/Src/gpio.c ****   ******************************************************************************
  18:Core/Src/gpio.c ****   */
  19:Core/Src/gpio.c **** /* USER CODE END Header */
  20:Core/Src/gpio.c **** 
  21:Core/Src/gpio.c **** /* Includes ------------------------------------------------------------------*/
  22:Core/Src/gpio.c **** #include "gpio.h"
  23:Core/Src/gpio.c **** 
  24:Core/Src/gpio.c **** /* USER CODE BEGIN 0 */
  25:Core/Src/gpio.c **** 
  26:Core/Src/gpio.c **** /* USER CODE END 0 */
  27:Core/Src/gpio.c **** 
  28:Core/Src/gpio.c **** /*----------------------------------------------------------------------------*/
  29:Core/Src/gpio.c **** /* Configure GPIO                                                             */
  30:Core/Src/gpio.c **** /*----------------------------------------------------------------------------*/
  31:Core/Src/gpio.c **** /* USER CODE BEGIN 1 */
  32:Core/Src/gpio.c **** 
ARM GAS  C:\Users\15892\AppData\Local\Temp\ccBXAHSq.s 			page 2


  33:Core/Src/gpio.c **** /* USER CODE END 1 */
  34:Core/Src/gpio.c **** 
  35:Core/Src/gpio.c **** /** Configure pins as
  36:Core/Src/gpio.c ****         * Analog
  37:Core/Src/gpio.c ****         * Input
  38:Core/Src/gpio.c ****         * Output
  39:Core/Src/gpio.c ****         * EVENT_OUT
  40:Core/Src/gpio.c ****         * EXTI
  41:Core/Src/gpio.c **** */
  42:Core/Src/gpio.c **** void MX_GPIO_Init(void)
  43:Core/Src/gpio.c **** {
  27              		.loc 1 43 1 view -0
  28              		.cfi_startproc
  29              		@ args = 0, pretend = 0, frame = 32
  30              		@ frame_needed = 0, uses_anonymous_args = 0
  31 0000 2DE9F041 		push	{r4, r5, r6, r7, r8, lr}
  32              	.LCFI0:
  33              		.cfi_def_cfa_offset 24
  34              		.cfi_offset 4, -24
  35              		.cfi_offset 5, -20
  36              		.cfi_offset 6, -16
  37              		.cfi_offset 7, -12
  38              		.cfi_offset 8, -8
  39              		.cfi_offset 14, -4
  40 0004 88B0     		sub	sp, sp, #32
  41              	.LCFI1:
  42              		.cfi_def_cfa_offset 56
  44:Core/Src/gpio.c **** 
  45:Core/Src/gpio.c ****   GPIO_InitTypeDef GPIO_InitStruct = {0};
  43              		.loc 1 45 3 view .LVU1
  44              		.loc 1 45 20 is_stmt 0 view .LVU2
  45 0006 0023     		movs	r3, #0
  46 0008 0493     		str	r3, [sp, #16]
  47 000a 0593     		str	r3, [sp, #20]
  48 000c 0693     		str	r3, [sp, #24]
  49 000e 0793     		str	r3, [sp, #28]
  46:Core/Src/gpio.c **** 
  47:Core/Src/gpio.c ****   /* GPIO Ports Clock Enable */
  48:Core/Src/gpio.c ****   __HAL_RCC_GPIOE_CLK_ENABLE();
  50              		.loc 1 48 3 is_stmt 1 view .LVU3
  51              	.LBB2:
  52              		.loc 1 48 3 view .LVU4
  53              		.loc 1 48 3 view .LVU5
  54 0010 03F18043 		add	r3, r3, #1073741824
  55 0014 03F50433 		add	r3, r3, #135168
  56 0018 9A69     		ldr	r2, [r3, #24]
  57 001a 42F04002 		orr	r2, r2, #64
  58 001e 9A61     		str	r2, [r3, #24]
  59              		.loc 1 48 3 view .LVU6
  60 0020 9A69     		ldr	r2, [r3, #24]
  61 0022 02F04002 		and	r2, r2, #64
  62 0026 0092     		str	r2, [sp]
  63              		.loc 1 48 3 view .LVU7
  64 0028 009A     		ldr	r2, [sp]
  65              	.LBE2:
  66              		.loc 1 48 3 view .LVU8
  49:Core/Src/gpio.c ****   __HAL_RCC_GPIOC_CLK_ENABLE();
ARM GAS  C:\Users\15892\AppData\Local\Temp\ccBXAHSq.s 			page 3


  67              		.loc 1 49 3 view .LVU9
  68              	.LBB3:
  69              		.loc 1 49 3 view .LVU10
  70              		.loc 1 49 3 view .LVU11
  71 002a 9A69     		ldr	r2, [r3, #24]
  72 002c 42F01002 		orr	r2, r2, #16
  73 0030 9A61     		str	r2, [r3, #24]
  74              		.loc 1 49 3 view .LVU12
  75 0032 9A69     		ldr	r2, [r3, #24]
  76 0034 02F01002 		and	r2, r2, #16
  77 0038 0192     		str	r2, [sp, #4]
  78              		.loc 1 49 3 view .LVU13
  79 003a 019A     		ldr	r2, [sp, #4]
  80              	.LBE3:
  81              		.loc 1 49 3 view .LVU14
  50:Core/Src/gpio.c ****   __HAL_RCC_GPIOA_CLK_ENABLE();
  82              		.loc 1 50 3 view .LVU15
  83              	.LBB4:
  84              		.loc 1 50 3 view .LVU16
  85              		.loc 1 50 3 view .LVU17
  86 003c 9A69     		ldr	r2, [r3, #24]
  87 003e 42F00402 		orr	r2, r2, #4
  88 0042 9A61     		str	r2, [r3, #24]
  89              		.loc 1 50 3 view .LVU18
  90 0044 9A69     		ldr	r2, [r3, #24]
  91 0046 02F00402 		and	r2, r2, #4
  92 004a 0292     		str	r2, [sp, #8]
  93              		.loc 1 50 3 view .LVU19
  94 004c 029A     		ldr	r2, [sp, #8]
  95              	.LBE4:
  96              		.loc 1 50 3 view .LVU20
  51:Core/Src/gpio.c ****   __HAL_RCC_GPIOB_CLK_ENABLE();
  97              		.loc 1 51 3 view .LVU21
  98              	.LBB5:
  99              		.loc 1 51 3 view .LVU22
 100              		.loc 1 51 3 view .LVU23
 101 004e 9A69     		ldr	r2, [r3, #24]
 102 0050 42F00802 		orr	r2, r2, #8
 103 0054 9A61     		str	r2, [r3, #24]
 104              		.loc 1 51 3 view .LVU24
 105 0056 9B69     		ldr	r3, [r3, #24]
 106 0058 03F00803 		and	r3, r3, #8
 107 005c 0393     		str	r3, [sp, #12]
 108              		.loc 1 51 3 view .LVU25
 109 005e 039B     		ldr	r3, [sp, #12]
 110              	.LBE5:
 111              		.loc 1 51 3 view .LVU26
  52:Core/Src/gpio.c **** 
  53:Core/Src/gpio.c ****   /*Configure GPIO pin Output Level */
  54:Core/Src/gpio.c ****   HAL_GPIO_WritePin(LED1_GPIO_Port, LED1_Pin, GPIO_PIN_SET);
 112              		.loc 1 54 3 view .LVU27
 113 0060 DFF84480 		ldr	r8, .L3
 114 0064 0122     		movs	r2, #1
 115 0066 2021     		movs	r1, #32
 116 0068 4046     		mov	r0, r8
 117 006a FFF7FEFF 		bl	HAL_GPIO_WritePin
 118              	.LVL0:
ARM GAS  C:\Users\15892\AppData\Local\Temp\ccBXAHSq.s 			page 4


  55:Core/Src/gpio.c **** 
  56:Core/Src/gpio.c ****   /*Configure GPIO pin Output Level */
  57:Core/Src/gpio.c ****   HAL_GPIO_WritePin(LED0_GPIO_Port, LED0_Pin, GPIO_PIN_SET);
 119              		.loc 1 57 3 view .LVU28
 120 006e 0F4D     		ldr	r5, .L3+4
 121 0070 0122     		movs	r2, #1
 122 0072 2021     		movs	r1, #32
 123 0074 2846     		mov	r0, r5
 124 0076 FFF7FEFF 		bl	HAL_GPIO_WritePin
 125              	.LVL1:
  58:Core/Src/gpio.c **** 
  59:Core/Src/gpio.c ****   /*Configure GPIO pin : PtPin */
  60:Core/Src/gpio.c ****   GPIO_InitStruct.Pin = LED1_Pin;
 126              		.loc 1 60 3 view .LVU29
 127              		.loc 1 60 23 is_stmt 0 view .LVU30
 128 007a 2027     		movs	r7, #32
 129 007c 0497     		str	r7, [sp, #16]
  61:Core/Src/gpio.c ****   GPIO_InitStruct.Mode = GPIO_MODE_OUTPUT_PP;
 130              		.loc 1 61 3 is_stmt 1 view .LVU31
 131              		.loc 1 61 24 is_stmt 0 view .LVU32
 132 007e 0124     		movs	r4, #1
 133 0080 0594     		str	r4, [sp, #20]
  62:Core/Src/gpio.c ****   GPIO_InitStruct.Pull = GPIO_PULLUP;
 134              		.loc 1 62 3 is_stmt 1 view .LVU33
 135              		.loc 1 62 24 is_stmt 0 view .LVU34
 136 0082 0694     		str	r4, [sp, #24]
  63:Core/Src/gpio.c ****   GPIO_InitStruct.Speed = GPIO_SPEED_FREQ_HIGH;
 137              		.loc 1 63 3 is_stmt 1 view .LVU35
 138              		.loc 1 63 25 is_stmt 0 view .LVU36
 139 0084 0326     		movs	r6, #3
 140 0086 0796     		str	r6, [sp, #28]
  64:Core/Src/gpio.c ****   HAL_GPIO_Init(LED1_GPIO_Port, &GPIO_InitStruct);
 141              		.loc 1 64 3 is_stmt 1 view .LVU37
 142 0088 04A9     		add	r1, sp, #16
 143 008a 4046     		mov	r0, r8
 144 008c FFF7FEFF 		bl	HAL_GPIO_Init
 145              	.LVL2:
  65:Core/Src/gpio.c **** 
  66:Core/Src/gpio.c ****   /*Configure GPIO pin : PtPin */
  67:Core/Src/gpio.c ****   GPIO_InitStruct.Pin = LED0_Pin;
 146              		.loc 1 67 3 view .LVU38
 147              		.loc 1 67 23 is_stmt 0 view .LVU39
 148 0090 0497     		str	r7, [sp, #16]
  68:Core/Src/gpio.c ****   GPIO_InitStruct.Mode = GPIO_MODE_OUTPUT_PP;
 149              		.loc 1 68 3 is_stmt 1 view .LVU40
 150              		.loc 1 68 24 is_stmt 0 view .LVU41
 151 0092 0594     		str	r4, [sp, #20]
  69:Core/Src/gpio.c ****   GPIO_InitStruct.Pull = GPIO_PULLUP;
 152              		.loc 1 69 3 is_stmt 1 view .LVU42
 153              		.loc 1 69 24 is_stmt 0 view .LVU43
 154 0094 0694     		str	r4, [sp, #24]
  70:Core/Src/gpio.c ****   GPIO_InitStruct.Speed = GPIO_SPEED_FREQ_HIGH;
 155              		.loc 1 70 3 is_stmt 1 view .LVU44
 156              		.loc 1 70 25 is_stmt 0 view .LVU45
 157 0096 0796     		str	r6, [sp, #28]
  71:Core/Src/gpio.c ****   HAL_GPIO_Init(LED0_GPIO_Port, &GPIO_InitStruct);
 158              		.loc 1 71 3 is_stmt 1 view .LVU46
ARM GAS  C:\Users\15892\AppData\Local\Temp\ccBXAHSq.s 			page 5


 159 0098 04A9     		add	r1, sp, #16
 160 009a 2846     		mov	r0, r5
 161 009c FFF7FEFF 		bl	HAL_GPIO_Init
 162              	.LVL3:
  72:Core/Src/gpio.c **** 
  73:Core/Src/gpio.c **** }
 163              		.loc 1 73 1 is_stmt 0 view .LVU47
 164 00a0 08B0     		add	sp, sp, #32
 165              	.LCFI2:
 166              		.cfi_def_cfa_offset 24
 167              		@ sp needed
 168 00a2 BDE8F081 		pop	{r4, r5, r6, r7, r8, pc}
 169              	.L4:
 170 00a6 00BF     		.align	2
 171              	.L3:
 172 00a8 00180140 		.word	1073813504
 173 00ac 000C0140 		.word	1073810432
 174              		.cfi_endproc
 175              	.LFE65:
 177              		.text
 178              	.Letext0:
 179              		.file 2 "c:\\env\\tools\\gnu_gcc\\arm_gcc\\mingw\\arm-none-eabi\\include\\machine\\_default_types.
 180              		.file 3 "c:\\env\\tools\\gnu_gcc\\arm_gcc\\mingw\\arm-none-eabi\\include\\sys\\_stdint.h"
 181              		.file 4 "Drivers/CMSIS/Device/ST/STM32F1xx/Include/stm32f103xe.h"
 182              		.file 5 "Drivers/STM32F1xx_HAL_Driver/Inc/stm32f1xx_hal_gpio.h"
ARM GAS  C:\Users\15892\AppData\Local\Temp\ccBXAHSq.s 			page 6


DEFINED SYMBOLS
                            *ABS*:00000000 gpio.c
C:\Users\15892\AppData\Local\Temp\ccBXAHSq.s:18     .text.MX_GPIO_Init:00000000 $t
C:\Users\15892\AppData\Local\Temp\ccBXAHSq.s:24     .text.MX_GPIO_Init:00000000 MX_GPIO_Init
C:\Users\15892\AppData\Local\Temp\ccBXAHSq.s:172    .text.MX_GPIO_Init:000000a8 $d

UNDEFINED SYMBOLS
HAL_GPIO_WritePin
HAL_GPIO_Init
