ARM GAS  C:\Users\15892\AppData\Local\Temp\cc0mPI7Q.s 			page 1


   1              		.cpu cortex-m3
   2              		.arch armv7-m
   3              		.fpu softvfp
   4              		.eabi_attribute 20, 1
   5              		.eabi_attribute 21, 1
   6              		.eabi_attribute 23, 3
   7              		.eabi_attribute 24, 1
   8              		.eabi_attribute 25, 1
   9              		.eabi_attribute 26, 1
  10              		.eabi_attribute 30, 1
  11              		.eabi_attribute 34, 1
  12              		.eabi_attribute 18, 4
  13              		.file	"gpio.c"
  14              		.text
  15              	.Ltext0:
  16              		.cfi_sections	.debug_frame
  17              		.section	.text.MX_GPIO_Init,"ax",%progbits
  18              		.align	1
  19              		.global	MX_GPIO_Init
  20              		.syntax unified
  21              		.thumb
  22              		.thumb_func
  24              	MX_GPIO_Init:
  25              	.LFB65:
  26              		.file 1 "Core/Src/gpio.c"
   1:Core/Src/gpio.c **** /* USER CODE BEGIN Header */
   2:Core/Src/gpio.c **** /**
   3:Core/Src/gpio.c ****   ******************************************************************************
   4:Core/Src/gpio.c ****   * @file    gpio.c
   5:Core/Src/gpio.c ****   * @brief   This file provides code for the configuration
   6:Core/Src/gpio.c ****   *          of all used GPIO pins.
   7:Core/Src/gpio.c ****   ******************************************************************************
   8:Core/Src/gpio.c ****   * @attention
   9:Core/Src/gpio.c ****   *
  10:Core/Src/gpio.c ****   * Copyright (c) 2025 STMicroelectronics.
  11:Core/Src/gpio.c ****   * All rights reserved.
  12:Core/Src/gpio.c ****   *
  13:Core/Src/gpio.c ****   * This software is licensed under terms that can be found in the LICENSE file
  14:Core/Src/gpio.c ****   * in the root directory of this software component.
  15:Core/Src/gpio.c ****   * If no LICENSE file comes with this software, it is provided AS-IS.
  16:Core/Src/gpio.c ****   *
  17:Core/Src/gpio.c ****   ******************************************************************************
  18:Core/Src/gpio.c ****   */
  19:Core/Src/gpio.c **** /* USER CODE END Header */
  20:Core/Src/gpio.c **** 
  21:Core/Src/gpio.c **** /* Includes ------------------------------------------------------------------*/
  22:Core/Src/gpio.c **** #include "gpio.h"
  23:Core/Src/gpio.c **** 
  24:Core/Src/gpio.c **** /* USER CODE BEGIN 0 */
  25:Core/Src/gpio.c **** 
  26:Core/Src/gpio.c **** /* USER CODE END 0 */
  27:Core/Src/gpio.c **** 
  28:Core/Src/gpio.c **** /*----------------------------------------------------------------------------*/
  29:Core/Src/gpio.c **** /* Configure GPIO                                                             */
  30:Core/Src/gpio.c **** /*----------------------------------------------------------------------------*/
  31:Core/Src/gpio.c **** /* USER CODE BEGIN 1 */
  32:Core/Src/gpio.c **** 
ARM GAS  C:\Users\15892\AppData\Local\Temp\cc0mPI7Q.s 			page 2


  33:Core/Src/gpio.c **** /* USER CODE END 1 */
  34:Core/Src/gpio.c **** 
  35:Core/Src/gpio.c **** /** Configure pins as
  36:Core/Src/gpio.c ****         * Analog
  37:Core/Src/gpio.c ****         * Input
  38:Core/Src/gpio.c ****         * Output
  39:Core/Src/gpio.c ****         * EVENT_OUT
  40:Core/Src/gpio.c ****         * EXTI
  41:Core/Src/gpio.c **** */
  42:Core/Src/gpio.c **** void MX_GPIO_Init(void)
  43:Core/Src/gpio.c **** {
  27              		.loc 1 43 1 view -0
  28              		.cfi_startproc
  29              		@ args = 0, pretend = 0, frame = 32
  30              		@ frame_needed = 0, uses_anonymous_args = 0
  31 0000 10B5     		push	{r4, lr}
  32              	.LCFI0:
  33              		.cfi_def_cfa_offset 8
  34              		.cfi_offset 4, -8
  35              		.cfi_offset 14, -4
  36 0002 88B0     		sub	sp, sp, #32
  37              	.LCFI1:
  38              		.cfi_def_cfa_offset 40
  44:Core/Src/gpio.c **** 
  45:Core/Src/gpio.c ****   GPIO_InitTypeDef GPIO_InitStruct = {0};
  39              		.loc 1 45 3 view .LVU1
  40              		.loc 1 45 20 is_stmt 0 view .LVU2
  41 0004 0023     		movs	r3, #0
  42 0006 0493     		str	r3, [sp, #16]
  43 0008 0593     		str	r3, [sp, #20]
  44 000a 0693     		str	r3, [sp, #24]
  45 000c 0793     		str	r3, [sp, #28]
  46:Core/Src/gpio.c **** 
  47:Core/Src/gpio.c ****   /* GPIO Ports Clock Enable */
  48:Core/Src/gpio.c ****   __HAL_RCC_GPIOE_CLK_ENABLE();
  46              		.loc 1 48 3 is_stmt 1 view .LVU3
  47              	.LBB2:
  48              		.loc 1 48 3 view .LVU4
  49              		.loc 1 48 3 view .LVU5
  50 000e 03F18043 		add	r3, r3, #1073741824
  51 0012 03F50433 		add	r3, r3, #135168
  52 0016 9A69     		ldr	r2, [r3, #24]
  53 0018 42F04002 		orr	r2, r2, #64
  54 001c 9A61     		str	r2, [r3, #24]
  55              		.loc 1 48 3 view .LVU6
  56 001e 9A69     		ldr	r2, [r3, #24]
  57 0020 02F04002 		and	r2, r2, #64
  58 0024 0192     		str	r2, [sp, #4]
  59              		.loc 1 48 3 view .LVU7
  60 0026 019A     		ldr	r2, [sp, #4]
  61              	.LBE2:
  62              		.loc 1 48 3 view .LVU8
  49:Core/Src/gpio.c ****   __HAL_RCC_GPIOA_CLK_ENABLE();
  63              		.loc 1 49 3 view .LVU9
  64              	.LBB3:
  65              		.loc 1 49 3 view .LVU10
  66              		.loc 1 49 3 view .LVU11
ARM GAS  C:\Users\15892\AppData\Local\Temp\cc0mPI7Q.s 			page 3


  67 0028 9A69     		ldr	r2, [r3, #24]
  68 002a 42F00402 		orr	r2, r2, #4
  69 002e 9A61     		str	r2, [r3, #24]
  70              		.loc 1 49 3 view .LVU12
  71 0030 9A69     		ldr	r2, [r3, #24]
  72 0032 02F00402 		and	r2, r2, #4
  73 0036 0292     		str	r2, [sp, #8]
  74              		.loc 1 49 3 view .LVU13
  75 0038 029A     		ldr	r2, [sp, #8]
  76              	.LBE3:
  77              		.loc 1 49 3 view .LVU14
  50:Core/Src/gpio.c ****   __HAL_RCC_GPIOB_CLK_ENABLE();
  78              		.loc 1 50 3 view .LVU15
  79              	.LBB4:
  80              		.loc 1 50 3 view .LVU16
  81              		.loc 1 50 3 view .LVU17
  82 003a 9A69     		ldr	r2, [r3, #24]
  83 003c 42F00802 		orr	r2, r2, #8
  84 0040 9A61     		str	r2, [r3, #24]
  85              		.loc 1 50 3 view .LVU18
  86 0042 9B69     		ldr	r3, [r3, #24]
  87 0044 03F00803 		and	r3, r3, #8
  88 0048 0393     		str	r3, [sp, #12]
  89              		.loc 1 50 3 view .LVU19
  90 004a 039B     		ldr	r3, [sp, #12]
  91              	.LBE4:
  92              		.loc 1 50 3 view .LVU20
  51:Core/Src/gpio.c **** 
  52:Core/Src/gpio.c ****   /*Configure GPIO pin Output Level */
  53:Core/Src/gpio.c ****   HAL_GPIO_WritePin(LED1_GPIO_Port, LED1_Pin, GPIO_PIN_SET);
  93              		.loc 1 53 3 view .LVU21
  94 004c 094C     		ldr	r4, .L3
  95 004e 0122     		movs	r2, #1
  96 0050 2021     		movs	r1, #32
  97 0052 2046     		mov	r0, r4
  98 0054 FFF7FEFF 		bl	HAL_GPIO_WritePin
  99              	.LVL0:
  54:Core/Src/gpio.c **** 
  55:Core/Src/gpio.c ****   /*Configure GPIO pin : PtPin */
  56:Core/Src/gpio.c ****   GPIO_InitStruct.Pin = LED1_Pin;
 100              		.loc 1 56 3 view .LVU22
 101              		.loc 1 56 23 is_stmt 0 view .LVU23
 102 0058 2023     		movs	r3, #32
 103 005a 0493     		str	r3, [sp, #16]
  57:Core/Src/gpio.c ****   GPIO_InitStruct.Mode = GPIO_MODE_OUTPUT_PP;
 104              		.loc 1 57 3 is_stmt 1 view .LVU24
 105              		.loc 1 57 24 is_stmt 0 view .LVU25
 106 005c 0123     		movs	r3, #1
 107 005e 0593     		str	r3, [sp, #20]
  58:Core/Src/gpio.c ****   GPIO_InitStruct.Pull = GPIO_PULLUP;
 108              		.loc 1 58 3 is_stmt 1 view .LVU26
 109              		.loc 1 58 24 is_stmt 0 view .LVU27
 110 0060 0693     		str	r3, [sp, #24]
  59:Core/Src/gpio.c ****   GPIO_InitStruct.Speed = GPIO_SPEED_FREQ_HIGH;
 111              		.loc 1 59 3 is_stmt 1 view .LVU28
 112              		.loc 1 59 25 is_stmt 0 view .LVU29
 113 0062 0323     		movs	r3, #3
ARM GAS  C:\Users\15892\AppData\Local\Temp\cc0mPI7Q.s 			page 4


 114 0064 0793     		str	r3, [sp, #28]
  60:Core/Src/gpio.c ****   HAL_GPIO_Init(LED1_GPIO_Port, &GPIO_InitStruct);
 115              		.loc 1 60 3 is_stmt 1 view .LVU30
 116 0066 04A9     		add	r1, sp, #16
 117 0068 2046     		mov	r0, r4
 118 006a FFF7FEFF 		bl	HAL_GPIO_Init
 119              	.LVL1:
  61:Core/Src/gpio.c **** 
  62:Core/Src/gpio.c **** }
 120              		.loc 1 62 1 is_stmt 0 view .LVU31
 121 006e 08B0     		add	sp, sp, #32
 122              	.LCFI2:
 123              		.cfi_def_cfa_offset 8
 124              		@ sp needed
 125 0070 10BD     		pop	{r4, pc}
 126              	.L4:
 127 0072 00BF     		.align	2
 128              	.L3:
 129 0074 00180140 		.word	1073813504
 130              		.cfi_endproc
 131              	.LFE65:
 133              		.text
 134              	.Letext0:
 135              		.file 2 "c:\\env\\tools\\gnu_gcc\\arm_gcc\\mingw\\arm-none-eabi\\include\\machine\\_default_types.
 136              		.file 3 "c:\\env\\tools\\gnu_gcc\\arm_gcc\\mingw\\arm-none-eabi\\include\\sys\\_stdint.h"
 137              		.file 4 "Drivers/CMSIS/Device/ST/STM32F1xx/Include/stm32f103xe.h"
 138              		.file 5 "Drivers/STM32F1xx_HAL_Driver/Inc/stm32f1xx_hal_gpio.h"
ARM GAS  C:\Users\15892\AppData\Local\Temp\cc0mPI7Q.s 			page 5


DEFINED SYMBOLS
                            *ABS*:00000000 gpio.c
C:\Users\15892\AppData\Local\Temp\cc0mPI7Q.s:18     .text.MX_GPIO_Init:00000000 $t
C:\Users\15892\AppData\Local\Temp\cc0mPI7Q.s:24     .text.MX_GPIO_Init:00000000 MX_GPIO_Init
C:\Users\15892\AppData\Local\Temp\cc0mPI7Q.s:129    .text.MX_GPIO_Init:00000074 $d

UNDEFINED SYMBOLS
HAL_GPIO_WritePin
HAL_GPIO_Init
