ARM GAS  C:\Users\15892\AppData\Local\Temp\ccAtj2Vz.s 			page 1


   1              		.cpu cortex-m3
   2              		.arch armv7-m
   3              		.fpu softvfp
   4              		.eabi_attribute 20, 1
   5              		.eabi_attribute 21, 1
   6              		.eabi_attribute 23, 3
   7              		.eabi_attribute 24, 1
   8              		.eabi_attribute 25, 1
   9              		.eabi_attribute 26, 1
  10              		.eabi_attribute 30, 1
  11              		.eabi_attribute 34, 1
  12              		.eabi_attribute 18, 4
  13              		.file	"main.c"
  14              		.text
  15              	.Ltext0:
  16              		.cfi_sections	.debug_frame
  17              		.section	.text.Error_Handler,"ax",%progbits
  18              		.align	1
  19              		.global	Error_Handler
  20              		.syntax unified
  21              		.thumb
  22              		.thumb_func
  24              	Error_Handler:
  25              	.LFB67:
  26              		.file 1 "Core/Src/main.c"
   1:Core/Src/main.c **** /* USER CODE BEGIN Header */
   2:Core/Src/main.c **** /**
   3:Core/Src/main.c ****   ******************************************************************************
   4:Core/Src/main.c ****   * @file           : main.c
   5:Core/Src/main.c ****   * @brief          : Main program body
   6:Core/Src/main.c ****   ******************************************************************************
   7:Core/Src/main.c ****   * @attention
   8:Core/Src/main.c ****   *
   9:Core/Src/main.c ****   * Copyright (c) 2025 STMicroelectronics.
  10:Core/Src/main.c ****   * All rights reserved.
  11:Core/Src/main.c ****   *
  12:Core/Src/main.c ****   * This software is licensed under terms that can be found in the LICENSE file
  13:Core/Src/main.c ****   * in the root directory of this software component.
  14:Core/Src/main.c ****   * If no LICENSE file comes with this software, it is provided AS-IS.
  15:Core/Src/main.c ****   *
  16:Core/Src/main.c ****   ******************************************************************************
  17:Core/Src/main.c ****   */
  18:Core/Src/main.c **** /* USER CODE END Header */
  19:Core/Src/main.c **** /* Includes ------------------------------------------------------------------*/
  20:Core/Src/main.c **** #include "main.h"
  21:Core/Src/main.c **** #include "tim.h"
  22:Core/Src/main.c **** #include "gpio.h"
  23:Core/Src/main.c **** 
  24:Core/Src/main.c **** /* Private includes ----------------------------------------------------------*/
  25:Core/Src/main.c **** #include "stdint.h"
  26:Core/Src/main.c **** /* USER CODE BEGIN Includes */
  27:Core/Src/main.c **** 
  28:Core/Src/main.c **** /* USER CODE END Includes */
  29:Core/Src/main.c **** 
  30:Core/Src/main.c **** /* Private typedef -----------------------------------------------------------*/
  31:Core/Src/main.c **** /* USER CODE BEGIN PTD */
  32:Core/Src/main.c **** 
ARM GAS  C:\Users\15892\AppData\Local\Temp\ccAtj2Vz.s 			page 2


  33:Core/Src/main.c **** /* USER CODE END PTD */
  34:Core/Src/main.c **** 
  35:Core/Src/main.c **** /* Private define ------------------------------------------------------------*/
  36:Core/Src/main.c **** /* USER CODE BEGIN PD */
  37:Core/Src/main.c **** 
  38:Core/Src/main.c **** /* USER CODE END PD */
  39:Core/Src/main.c **** 
  40:Core/Src/main.c **** /* Private macro -------------------------------------------------------------*/
  41:Core/Src/main.c **** /* USER CODE BEGIN PM */
  42:Core/Src/main.c **** 
  43:Core/Src/main.c **** /* USER CODE END PM */
  44:Core/Src/main.c **** 
  45:Core/Src/main.c **** /* Private variables ---------------------------------------------------------*/
  46:Core/Src/main.c **** 
  47:Core/Src/main.c **** /* USER CODE BEGIN PV */
  48:Core/Src/main.c **** 
  49:Core/Src/main.c **** /* USER CODE END PV */
  50:Core/Src/main.c **** 
  51:Core/Src/main.c **** /* Private function prototypes -----------------------------------------------*/
  52:Core/Src/main.c **** void SystemClock_Config(void);
  53:Core/Src/main.c **** /* USER CODE BEGIN PFP */
  54:Core/Src/main.c **** 
  55:Core/Src/main.c **** /* USER CODE END PFP */
  56:Core/Src/main.c **** 
  57:Core/Src/main.c **** /* Private user code ---------------------------------------------------------*/
  58:Core/Src/main.c **** /* USER CODE BEGIN 0 */
  59:Core/Src/main.c **** 
  60:Core/Src/main.c **** /* USER CODE END 0 */
  61:Core/Src/main.c **** 
  62:Core/Src/main.c **** /**
  63:Core/Src/main.c ****   * @brief  The application entry point.
  64:Core/Src/main.c ****   * @retval int
  65:Core/Src/main.c ****   */
  66:Core/Src/main.c **** int main(void)
  67:Core/Src/main.c **** {
  68:Core/Src/main.c ****   /* USER CODE BEGIN 1 */
  69:Core/Src/main.c ****   uint32_t duty = 0;
  70:Core/Src/main.c ****   uint32_t pre_d, comp_d = 0;
  71:Core/Src/main.c ****   uint32_t dir = 0;
  72:Core/Src/main.c ****   /* USER CODE END 1 */
  73:Core/Src/main.c **** 
  74:Core/Src/main.c ****   /* MCU Configuration--------------------------------------------------------*/
  75:Core/Src/main.c **** 
  76:Core/Src/main.c ****   /* Reset of all peripherals, Initializes the Flash interface and the Systick. */
  77:Core/Src/main.c ****   HAL_Init();
  78:Core/Src/main.c **** 
  79:Core/Src/main.c ****   /* USER CODE BEGIN Init */
  80:Core/Src/main.c **** 
  81:Core/Src/main.c ****   /* USER CODE END Init */
  82:Core/Src/main.c **** 
  83:Core/Src/main.c ****   /* Configure the system clock */
  84:Core/Src/main.c ****   SystemClock_Config();
  85:Core/Src/main.c **** 
  86:Core/Src/main.c ****   /* USER CODE BEGIN SysInit */
  87:Core/Src/main.c **** 
  88:Core/Src/main.c ****   /* USER CODE END SysInit */
  89:Core/Src/main.c **** 
ARM GAS  C:\Users\15892\AppData\Local\Temp\ccAtj2Vz.s 			page 3


  90:Core/Src/main.c ****   /* Initialize all configured peripherals */
  91:Core/Src/main.c ****   MX_GPIO_Init();
  92:Core/Src/main.c ****   MX_TIM3_Init();
  93:Core/Src/main.c ****   /* USER CODE BEGIN 2 */
  94:Core/Src/main.c ****   HAL_TIM_PWM_Start(&htim3, TIM_CHANNEL_2);
  95:Core/Src/main.c **** 
  96:Core/Src/main.c ****   pre_d = __HAL_TIM_GET_AUTORELOAD(&htim3);
  97:Core/Src/main.c ****   /* USER CODE END 2 */
  98:Core/Src/main.c **** 
  99:Core/Src/main.c ****   /* Infinite loop */
 100:Core/Src/main.c ****   /* USER CODE BEGIN WHILE */
 101:Core/Src/main.c ****   while (1)
 102:Core/Src/main.c ****   {
 103:Core/Src/main.c ****     if(dir == 0) duty++;
 104:Core/Src/main.c ****     else duty--;
 105:Core/Src/main.c **** 
 106:Core/Src/main.c ****     if(duty >= 100) dir = 1;
 107:Core/Src/main.c ****     else if(duty == 0) dir = 0;
 108:Core/Src/main.c **** 
 109:Core/Src/main.c ****     HAL_Delay(20);
 110:Core/Src/main.c ****     comp_d = (duty * pre_d) / 100;
 111:Core/Src/main.c **** 
 112:Core/Src/main.c ****     if(__HAL_TIM_GET_COMPARE(&htim3, TIM_CHANNEL_2) != comp_d)
 113:Core/Src/main.c ****     {
 114:Core/Src/main.c ****       __HAL_TIM_SET_COMPARE(&htim3, TIM_CHANNEL_2, comp_d);
 115:Core/Src/main.c ****     }
 116:Core/Src/main.c ****     /* USER CODE END WHILE */
 117:Core/Src/main.c **** 
 118:Core/Src/main.c ****     /* USER CODE BEGIN 3 */
 119:Core/Src/main.c ****   }
 120:Core/Src/main.c ****   /* USER CODE END 3 */
 121:Core/Src/main.c **** }
 122:Core/Src/main.c **** 
 123:Core/Src/main.c **** /**
 124:Core/Src/main.c ****   * @brief System Clock Configuration
 125:Core/Src/main.c ****   * @retval None
 126:Core/Src/main.c ****   */
 127:Core/Src/main.c **** void SystemClock_Config(void)
 128:Core/Src/main.c **** {
 129:Core/Src/main.c ****   RCC_OscInitTypeDef RCC_OscInitStruct = {0};
 130:Core/Src/main.c ****   RCC_ClkInitTypeDef RCC_ClkInitStruct = {0};
 131:Core/Src/main.c **** 
 132:Core/Src/main.c ****   /** Initializes the RCC Oscillators according to the specified parameters
 133:Core/Src/main.c ****   * in the RCC_OscInitTypeDef structure.
 134:Core/Src/main.c ****   */
 135:Core/Src/main.c ****   RCC_OscInitStruct.OscillatorType = RCC_OSCILLATORTYPE_HSE;
 136:Core/Src/main.c ****   RCC_OscInitStruct.HSEState = RCC_HSE_ON;
 137:Core/Src/main.c ****   RCC_OscInitStruct.HSEPredivValue = RCC_HSE_PREDIV_DIV1;
 138:Core/Src/main.c ****   RCC_OscInitStruct.HSIState = RCC_HSI_ON;
 139:Core/Src/main.c ****   RCC_OscInitStruct.PLL.PLLState = RCC_PLL_ON;
 140:Core/Src/main.c ****   RCC_OscInitStruct.PLL.PLLSource = RCC_PLLSOURCE_HSE;
 141:Core/Src/main.c ****   RCC_OscInitStruct.PLL.PLLMUL = RCC_PLL_MUL9;
 142:Core/Src/main.c ****   if (HAL_RCC_OscConfig(&RCC_OscInitStruct) != HAL_OK)
 143:Core/Src/main.c ****   {
 144:Core/Src/main.c ****     Error_Handler();
 145:Core/Src/main.c ****   }
 146:Core/Src/main.c **** 
ARM GAS  C:\Users\15892\AppData\Local\Temp\ccAtj2Vz.s 			page 4


 147:Core/Src/main.c ****   /** Initializes the CPU, AHB and APB buses clocks
 148:Core/Src/main.c ****   */
 149:Core/Src/main.c ****   RCC_ClkInitStruct.ClockType = RCC_CLOCKTYPE_HCLK|RCC_CLOCKTYPE_SYSCLK
 150:Core/Src/main.c ****                               |RCC_CLOCKTYPE_PCLK1|RCC_CLOCKTYPE_PCLK2;
 151:Core/Src/main.c ****   RCC_ClkInitStruct.SYSCLKSource = RCC_SYSCLKSOURCE_PLLCLK;
 152:Core/Src/main.c ****   RCC_ClkInitStruct.AHBCLKDivider = RCC_SYSCLK_DIV1;
 153:Core/Src/main.c ****   RCC_ClkInitStruct.APB1CLKDivider = RCC_HCLK_DIV2;
 154:Core/Src/main.c ****   RCC_ClkInitStruct.APB2CLKDivider = RCC_HCLK_DIV1;
 155:Core/Src/main.c **** 
 156:Core/Src/main.c ****   if (HAL_RCC_ClockConfig(&RCC_ClkInitStruct, FLASH_LATENCY_2) != HAL_OK)
 157:Core/Src/main.c ****   {
 158:Core/Src/main.c ****     Error_Handler();
 159:Core/Src/main.c ****   }
 160:Core/Src/main.c **** }
 161:Core/Src/main.c **** 
 162:Core/Src/main.c **** /* USER CODE BEGIN 4 */
 163:Core/Src/main.c **** 
 164:Core/Src/main.c **** /* USER CODE END 4 */
 165:Core/Src/main.c **** 
 166:Core/Src/main.c **** /**
 167:Core/Src/main.c ****   * @brief  This function is executed in case of error occurrence.
 168:Core/Src/main.c ****   * @retval None
 169:Core/Src/main.c ****   */
 170:Core/Src/main.c **** void Error_Handler(void)
 171:Core/Src/main.c **** {
  27              		.loc 1 171 1 view -0
  28              		.cfi_startproc
  29              		@ Volatile: function does not return.
  30              		@ args = 0, pretend = 0, frame = 0
  31              		@ frame_needed = 0, uses_anonymous_args = 0
  32              		@ link register save eliminated.
 172:Core/Src/main.c ****   /* USER CODE BEGIN Error_Handler_Debug */
 173:Core/Src/main.c ****   /* User can add his own implementation to report the HAL error return state */
 174:Core/Src/main.c ****   __disable_irq();
  33              		.loc 1 174 3 view .LVU1
  34              	.LBB4:
  35              	.LBI4:
  36              		.file 2 "Drivers/CMSIS/Include/cmsis_gcc.h"
   1:Drivers/CMSIS/Include/cmsis_gcc.h **** /**************************************************************************//**
   2:Drivers/CMSIS/Include/cmsis_gcc.h ****  * @file     cmsis_gcc.h
   3:Drivers/CMSIS/Include/cmsis_gcc.h ****  * @brief    CMSIS compiler GCC header file
   4:Drivers/CMSIS/Include/cmsis_gcc.h ****  * @version  V5.0.4
   5:Drivers/CMSIS/Include/cmsis_gcc.h ****  * @date     09. April 2018
   6:Drivers/CMSIS/Include/cmsis_gcc.h ****  ******************************************************************************/
   7:Drivers/CMSIS/Include/cmsis_gcc.h **** /*
   8:Drivers/CMSIS/Include/cmsis_gcc.h ****  * Copyright (c) 2009-2018 Arm Limited. All rights reserved.
   9:Drivers/CMSIS/Include/cmsis_gcc.h ****  *
  10:Drivers/CMSIS/Include/cmsis_gcc.h ****  * SPDX-License-Identifier: Apache-2.0
  11:Drivers/CMSIS/Include/cmsis_gcc.h ****  *
  12:Drivers/CMSIS/Include/cmsis_gcc.h ****  * Licensed under the Apache License, Version 2.0 (the License); you may
  13:Drivers/CMSIS/Include/cmsis_gcc.h ****  * not use this file except in compliance with the License.
  14:Drivers/CMSIS/Include/cmsis_gcc.h ****  * You may obtain a copy of the License at
  15:Drivers/CMSIS/Include/cmsis_gcc.h ****  *
  16:Drivers/CMSIS/Include/cmsis_gcc.h ****  * www.apache.org/licenses/LICENSE-2.0
  17:Drivers/CMSIS/Include/cmsis_gcc.h ****  *
  18:Drivers/CMSIS/Include/cmsis_gcc.h ****  * Unless required by applicable law or agreed to in writing, software
  19:Drivers/CMSIS/Include/cmsis_gcc.h ****  * distributed under the License is distributed on an AS IS BASIS, WITHOUT
ARM GAS  C:\Users\15892\AppData\Local\Temp\ccAtj2Vz.s 			page 5


  20:Drivers/CMSIS/Include/cmsis_gcc.h ****  * WARRANTIES OR CONDITIONS OF ANY KIND, either express or implied.
  21:Drivers/CMSIS/Include/cmsis_gcc.h ****  * See the License for the specific language governing permissions and
  22:Drivers/CMSIS/Include/cmsis_gcc.h ****  * limitations under the License.
  23:Drivers/CMSIS/Include/cmsis_gcc.h ****  */
  24:Drivers/CMSIS/Include/cmsis_gcc.h **** 
  25:Drivers/CMSIS/Include/cmsis_gcc.h **** #ifndef __CMSIS_GCC_H
  26:Drivers/CMSIS/Include/cmsis_gcc.h **** #define __CMSIS_GCC_H
  27:Drivers/CMSIS/Include/cmsis_gcc.h **** 
  28:Drivers/CMSIS/Include/cmsis_gcc.h **** /* ignore some GCC warnings */
  29:Drivers/CMSIS/Include/cmsis_gcc.h **** #pragma GCC diagnostic push
  30:Drivers/CMSIS/Include/cmsis_gcc.h **** #pragma GCC diagnostic ignored "-Wsign-conversion"
  31:Drivers/CMSIS/Include/cmsis_gcc.h **** #pragma GCC diagnostic ignored "-Wconversion"
  32:Drivers/CMSIS/Include/cmsis_gcc.h **** #pragma GCC diagnostic ignored "-Wunused-parameter"
  33:Drivers/CMSIS/Include/cmsis_gcc.h **** 
  34:Drivers/CMSIS/Include/cmsis_gcc.h **** /* Fallback for __has_builtin */
  35:Drivers/CMSIS/Include/cmsis_gcc.h **** #ifndef __has_builtin
  36:Drivers/CMSIS/Include/cmsis_gcc.h ****   #define __has_builtin(x) (0)
  37:Drivers/CMSIS/Include/cmsis_gcc.h **** #endif
  38:Drivers/CMSIS/Include/cmsis_gcc.h **** 
  39:Drivers/CMSIS/Include/cmsis_gcc.h **** /* CMSIS compiler specific defines */
  40:Drivers/CMSIS/Include/cmsis_gcc.h **** #ifndef   __ASM
  41:Drivers/CMSIS/Include/cmsis_gcc.h ****   #define __ASM                                  __asm
  42:Drivers/CMSIS/Include/cmsis_gcc.h **** #endif
  43:Drivers/CMSIS/Include/cmsis_gcc.h **** #ifndef   __INLINE
  44:Drivers/CMSIS/Include/cmsis_gcc.h ****   #define __INLINE                               inline
  45:Drivers/CMSIS/Include/cmsis_gcc.h **** #endif
  46:Drivers/CMSIS/Include/cmsis_gcc.h **** #ifndef   __STATIC_INLINE
  47:Drivers/CMSIS/Include/cmsis_gcc.h ****   #define __STATIC_INLINE                        static inline
  48:Drivers/CMSIS/Include/cmsis_gcc.h **** #endif
  49:Drivers/CMSIS/Include/cmsis_gcc.h **** #ifndef   __STATIC_FORCEINLINE                 
  50:Drivers/CMSIS/Include/cmsis_gcc.h ****   #define __STATIC_FORCEINLINE                   __attribute__((always_inline)) static inline
  51:Drivers/CMSIS/Include/cmsis_gcc.h **** #endif                                           
  52:Drivers/CMSIS/Include/cmsis_gcc.h **** #ifndef   __NO_RETURN
  53:Drivers/CMSIS/Include/cmsis_gcc.h ****   #define __NO_RETURN                            __attribute__((__noreturn__))
  54:Drivers/CMSIS/Include/cmsis_gcc.h **** #endif
  55:Drivers/CMSIS/Include/cmsis_gcc.h **** #ifndef   __USED
  56:Drivers/CMSIS/Include/cmsis_gcc.h ****   #define __USED                                 __attribute__((used))
  57:Drivers/CMSIS/Include/cmsis_gcc.h **** #endif
  58:Drivers/CMSIS/Include/cmsis_gcc.h **** #ifndef   __WEAK
  59:Drivers/CMSIS/Include/cmsis_gcc.h ****   #define __WEAK                                 __attribute__((weak))
  60:Drivers/CMSIS/Include/cmsis_gcc.h **** #endif
  61:Drivers/CMSIS/Include/cmsis_gcc.h **** #ifndef   __PACKED
  62:Drivers/CMSIS/Include/cmsis_gcc.h ****   #define __PACKED                               __attribute__((packed, aligned(1)))
  63:Drivers/CMSIS/Include/cmsis_gcc.h **** #endif
  64:Drivers/CMSIS/Include/cmsis_gcc.h **** #ifndef   __PACKED_STRUCT
  65:Drivers/CMSIS/Include/cmsis_gcc.h ****   #define __PACKED_STRUCT                        struct __attribute__((packed, aligned(1)))
  66:Drivers/CMSIS/Include/cmsis_gcc.h **** #endif
  67:Drivers/CMSIS/Include/cmsis_gcc.h **** #ifndef   __PACKED_UNION
  68:Drivers/CMSIS/Include/cmsis_gcc.h ****   #define __PACKED_UNION                         union __attribute__((packed, aligned(1)))
  69:Drivers/CMSIS/Include/cmsis_gcc.h **** #endif
  70:Drivers/CMSIS/Include/cmsis_gcc.h **** #ifndef   __UNALIGNED_UINT32        /* deprecated */
  71:Drivers/CMSIS/Include/cmsis_gcc.h ****   #pragma GCC diagnostic push
  72:Drivers/CMSIS/Include/cmsis_gcc.h ****   #pragma GCC diagnostic ignored "-Wpacked"
  73:Drivers/CMSIS/Include/cmsis_gcc.h ****   #pragma GCC diagnostic ignored "-Wattributes"
  74:Drivers/CMSIS/Include/cmsis_gcc.h ****   struct __attribute__((packed)) T_UINT32 { uint32_t v; };
  75:Drivers/CMSIS/Include/cmsis_gcc.h ****   #pragma GCC diagnostic pop
  76:Drivers/CMSIS/Include/cmsis_gcc.h ****   #define __UNALIGNED_UINT32(x)                  (((struct T_UINT32 *)(x))->v)
ARM GAS  C:\Users\15892\AppData\Local\Temp\ccAtj2Vz.s 			page 6


  77:Drivers/CMSIS/Include/cmsis_gcc.h **** #endif
  78:Drivers/CMSIS/Include/cmsis_gcc.h **** #ifndef   __UNALIGNED_UINT16_WRITE
  79:Drivers/CMSIS/Include/cmsis_gcc.h ****   #pragma GCC diagnostic push
  80:Drivers/CMSIS/Include/cmsis_gcc.h ****   #pragma GCC diagnostic ignored "-Wpacked"
  81:Drivers/CMSIS/Include/cmsis_gcc.h ****   #pragma GCC diagnostic ignored "-Wattributes"
  82:Drivers/CMSIS/Include/cmsis_gcc.h ****   __PACKED_STRUCT T_UINT16_WRITE { uint16_t v; };
  83:Drivers/CMSIS/Include/cmsis_gcc.h ****   #pragma GCC diagnostic pop
  84:Drivers/CMSIS/Include/cmsis_gcc.h ****   #define __UNALIGNED_UINT16_WRITE(addr, val)    (void)((((struct T_UINT16_WRITE *)(void *)(addr))-
  85:Drivers/CMSIS/Include/cmsis_gcc.h **** #endif
  86:Drivers/CMSIS/Include/cmsis_gcc.h **** #ifndef   __UNALIGNED_UINT16_READ
  87:Drivers/CMSIS/Include/cmsis_gcc.h ****   #pragma GCC diagnostic push
  88:Drivers/CMSIS/Include/cmsis_gcc.h ****   #pragma GCC diagnostic ignored "-Wpacked"
  89:Drivers/CMSIS/Include/cmsis_gcc.h ****   #pragma GCC diagnostic ignored "-Wattributes"
  90:Drivers/CMSIS/Include/cmsis_gcc.h ****   __PACKED_STRUCT T_UINT16_READ { uint16_t v; };
  91:Drivers/CMSIS/Include/cmsis_gcc.h ****   #pragma GCC diagnostic pop
  92:Drivers/CMSIS/Include/cmsis_gcc.h ****   #define __UNALIGNED_UINT16_READ(addr)          (((const struct T_UINT16_READ *)(const void *)(add
  93:Drivers/CMSIS/Include/cmsis_gcc.h **** #endif
  94:Drivers/CMSIS/Include/cmsis_gcc.h **** #ifndef   __UNALIGNED_UINT32_WRITE
  95:Drivers/CMSIS/Include/cmsis_gcc.h ****   #pragma GCC diagnostic push
  96:Drivers/CMSIS/Include/cmsis_gcc.h ****   #pragma GCC diagnostic ignored "-Wpacked"
  97:Drivers/CMSIS/Include/cmsis_gcc.h ****   #pragma GCC diagnostic ignored "-Wattributes"
  98:Drivers/CMSIS/Include/cmsis_gcc.h ****   __PACKED_STRUCT T_UINT32_WRITE { uint32_t v; };
  99:Drivers/CMSIS/Include/cmsis_gcc.h ****   #pragma GCC diagnostic pop
 100:Drivers/CMSIS/Include/cmsis_gcc.h ****   #define __UNALIGNED_UINT32_WRITE(addr, val)    (void)((((struct T_UINT32_WRITE *)(void *)(addr))-
 101:Drivers/CMSIS/Include/cmsis_gcc.h **** #endif
 102:Drivers/CMSIS/Include/cmsis_gcc.h **** #ifndef   __UNALIGNED_UINT32_READ
 103:Drivers/CMSIS/Include/cmsis_gcc.h ****   #pragma GCC diagnostic push
 104:Drivers/CMSIS/Include/cmsis_gcc.h ****   #pragma GCC diagnostic ignored "-Wpacked"
 105:Drivers/CMSIS/Include/cmsis_gcc.h ****   #pragma GCC diagnostic ignored "-Wattributes"
 106:Drivers/CMSIS/Include/cmsis_gcc.h ****   __PACKED_STRUCT T_UINT32_READ { uint32_t v; };
 107:Drivers/CMSIS/Include/cmsis_gcc.h ****   #pragma GCC diagnostic pop
 108:Drivers/CMSIS/Include/cmsis_gcc.h ****   #define __UNALIGNED_UINT32_READ(addr)          (((const struct T_UINT32_READ *)(const void *)(add
 109:Drivers/CMSIS/Include/cmsis_gcc.h **** #endif
 110:Drivers/CMSIS/Include/cmsis_gcc.h **** #ifndef   __ALIGNED
 111:Drivers/CMSIS/Include/cmsis_gcc.h ****   #define __ALIGNED(x)                           __attribute__((aligned(x)))
 112:Drivers/CMSIS/Include/cmsis_gcc.h **** #endif
 113:Drivers/CMSIS/Include/cmsis_gcc.h **** #ifndef   __RESTRICT
 114:Drivers/CMSIS/Include/cmsis_gcc.h ****   #define __RESTRICT                             __restrict
 115:Drivers/CMSIS/Include/cmsis_gcc.h **** #endif
 116:Drivers/CMSIS/Include/cmsis_gcc.h **** 
 117:Drivers/CMSIS/Include/cmsis_gcc.h **** 
 118:Drivers/CMSIS/Include/cmsis_gcc.h **** /* ###########################  Core Function Access  ########################### */
 119:Drivers/CMSIS/Include/cmsis_gcc.h **** /** \ingroup  CMSIS_Core_FunctionInterface
 120:Drivers/CMSIS/Include/cmsis_gcc.h ****     \defgroup CMSIS_Core_RegAccFunctions CMSIS Core Register Access Functions
 121:Drivers/CMSIS/Include/cmsis_gcc.h ****   @{
 122:Drivers/CMSIS/Include/cmsis_gcc.h ****  */
 123:Drivers/CMSIS/Include/cmsis_gcc.h **** 
 124:Drivers/CMSIS/Include/cmsis_gcc.h **** /**
 125:Drivers/CMSIS/Include/cmsis_gcc.h ****   \brief   Enable IRQ Interrupts
 126:Drivers/CMSIS/Include/cmsis_gcc.h ****   \details Enables IRQ interrupts by clearing the I-bit in the CPSR.
 127:Drivers/CMSIS/Include/cmsis_gcc.h ****            Can only be executed in Privileged modes.
 128:Drivers/CMSIS/Include/cmsis_gcc.h ****  */
 129:Drivers/CMSIS/Include/cmsis_gcc.h **** __STATIC_FORCEINLINE void __enable_irq(void)
 130:Drivers/CMSIS/Include/cmsis_gcc.h **** {
 131:Drivers/CMSIS/Include/cmsis_gcc.h ****   __ASM volatile ("cpsie i" : : : "memory");
 132:Drivers/CMSIS/Include/cmsis_gcc.h **** }
 133:Drivers/CMSIS/Include/cmsis_gcc.h **** 
ARM GAS  C:\Users\15892\AppData\Local\Temp\ccAtj2Vz.s 			page 7


 134:Drivers/CMSIS/Include/cmsis_gcc.h **** 
 135:Drivers/CMSIS/Include/cmsis_gcc.h **** /**
 136:Drivers/CMSIS/Include/cmsis_gcc.h ****   \brief   Disable IRQ Interrupts
 137:Drivers/CMSIS/Include/cmsis_gcc.h ****   \details Disables IRQ interrupts by setting the I-bit in the CPSR.
 138:Drivers/CMSIS/Include/cmsis_gcc.h ****            Can only be executed in Privileged modes.
 139:Drivers/CMSIS/Include/cmsis_gcc.h ****  */
 140:Drivers/CMSIS/Include/cmsis_gcc.h **** __STATIC_FORCEINLINE void __disable_irq(void)
  37              		.loc 2 140 27 view .LVU2
  38              	.LBB5:
 141:Drivers/CMSIS/Include/cmsis_gcc.h **** {
 142:Drivers/CMSIS/Include/cmsis_gcc.h ****   __ASM volatile ("cpsid i" : : : "memory");
  39              		.loc 2 142 3 view .LVU3
  40              		.syntax unified
  41              	@ 142 "Drivers/CMSIS/Include/cmsis_gcc.h" 1
  42 0000 72B6     		cpsid i
  43              	@ 0 "" 2
  44              		.thumb
  45              		.syntax unified
  46              	.L2:
  47              	.LBE5:
  48              	.LBE4:
 175:Core/Src/main.c ****   while (1)
  49              		.loc 1 175 3 discriminator 1 view .LVU4
 176:Core/Src/main.c ****   {
 177:Core/Src/main.c ****   }
  50              		.loc 1 177 3 discriminator 1 view .LVU5
 175:Core/Src/main.c ****   while (1)
  51              		.loc 1 175 9 discriminator 1 view .LVU6
  52 0002 FEE7     		b	.L2
  53              		.cfi_endproc
  54              	.LFE67:
  56              		.section	.text.SystemClock_Config,"ax",%progbits
  57              		.align	1
  58              		.global	SystemClock_Config
  59              		.syntax unified
  60              		.thumb
  61              		.thumb_func
  63              	SystemClock_Config:
  64              	.LFB66:
 128:Core/Src/main.c ****   RCC_OscInitTypeDef RCC_OscInitStruct = {0};
  65              		.loc 1 128 1 view -0
  66              		.cfi_startproc
  67              		@ args = 0, pretend = 0, frame = 64
  68              		@ frame_needed = 0, uses_anonymous_args = 0
  69 0000 00B5     		push	{lr}
  70              	.LCFI0:
  71              		.cfi_def_cfa_offset 4
  72              		.cfi_offset 14, -4
  73 0002 91B0     		sub	sp, sp, #68
  74              	.LCFI1:
  75              		.cfi_def_cfa_offset 72
 129:Core/Src/main.c ****   RCC_ClkInitTypeDef RCC_ClkInitStruct = {0};
  76              		.loc 1 129 3 view .LVU8
 129:Core/Src/main.c ****   RCC_ClkInitTypeDef RCC_ClkInitStruct = {0};
  77              		.loc 1 129 22 is_stmt 0 view .LVU9
  78 0004 2822     		movs	r2, #40
  79 0006 0021     		movs	r1, #0
ARM GAS  C:\Users\15892\AppData\Local\Temp\ccAtj2Vz.s 			page 8


  80 0008 06A8     		add	r0, sp, #24
  81 000a FFF7FEFF 		bl	memset
  82              	.LVL0:
 130:Core/Src/main.c **** 
  83              		.loc 1 130 3 is_stmt 1 view .LVU10
 130:Core/Src/main.c **** 
  84              		.loc 1 130 22 is_stmt 0 view .LVU11
  85 000e 0023     		movs	r3, #0
  86 0010 0193     		str	r3, [sp, #4]
  87 0012 0293     		str	r3, [sp, #8]
  88 0014 0393     		str	r3, [sp, #12]
  89 0016 0493     		str	r3, [sp, #16]
  90 0018 0593     		str	r3, [sp, #20]
 135:Core/Src/main.c ****   RCC_OscInitStruct.HSEState = RCC_HSE_ON;
  91              		.loc 1 135 3 is_stmt 1 view .LVU12
 135:Core/Src/main.c ****   RCC_OscInitStruct.HSEState = RCC_HSE_ON;
  92              		.loc 1 135 36 is_stmt 0 view .LVU13
  93 001a 0122     		movs	r2, #1
  94 001c 0692     		str	r2, [sp, #24]
 136:Core/Src/main.c ****   RCC_OscInitStruct.HSEPredivValue = RCC_HSE_PREDIV_DIV1;
  95              		.loc 1 136 3 is_stmt 1 view .LVU14
 136:Core/Src/main.c ****   RCC_OscInitStruct.HSEPredivValue = RCC_HSE_PREDIV_DIV1;
  96              		.loc 1 136 30 is_stmt 0 view .LVU15
  97 001e 4FF48033 		mov	r3, #65536
  98 0022 0793     		str	r3, [sp, #28]
 137:Core/Src/main.c ****   RCC_OscInitStruct.HSIState = RCC_HSI_ON;
  99              		.loc 1 137 3 is_stmt 1 view .LVU16
 138:Core/Src/main.c ****   RCC_OscInitStruct.PLL.PLLState = RCC_PLL_ON;
 100              		.loc 1 138 3 view .LVU17
 138:Core/Src/main.c ****   RCC_OscInitStruct.PLL.PLLState = RCC_PLL_ON;
 101              		.loc 1 138 30 is_stmt 0 view .LVU18
 102 0024 0A92     		str	r2, [sp, #40]
 139:Core/Src/main.c ****   RCC_OscInitStruct.PLL.PLLSource = RCC_PLLSOURCE_HSE;
 103              		.loc 1 139 3 is_stmt 1 view .LVU19
 139:Core/Src/main.c ****   RCC_OscInitStruct.PLL.PLLSource = RCC_PLLSOURCE_HSE;
 104              		.loc 1 139 34 is_stmt 0 view .LVU20
 105 0026 0222     		movs	r2, #2
 106 0028 0D92     		str	r2, [sp, #52]
 140:Core/Src/main.c ****   RCC_OscInitStruct.PLL.PLLMUL = RCC_PLL_MUL9;
 107              		.loc 1 140 3 is_stmt 1 view .LVU21
 140:Core/Src/main.c ****   RCC_OscInitStruct.PLL.PLLMUL = RCC_PLL_MUL9;
 108              		.loc 1 140 35 is_stmt 0 view .LVU22
 109 002a 0E93     		str	r3, [sp, #56]
 141:Core/Src/main.c ****   if (HAL_RCC_OscConfig(&RCC_OscInitStruct) != HAL_OK)
 110              		.loc 1 141 3 is_stmt 1 view .LVU23
 141:Core/Src/main.c ****   if (HAL_RCC_OscConfig(&RCC_OscInitStruct) != HAL_OK)
 111              		.loc 1 141 32 is_stmt 0 view .LVU24
 112 002c 4FF4E013 		mov	r3, #1835008
 113 0030 0F93     		str	r3, [sp, #60]
 142:Core/Src/main.c ****   {
 114              		.loc 1 142 3 is_stmt 1 view .LVU25
 142:Core/Src/main.c ****   {
 115              		.loc 1 142 7 is_stmt 0 view .LVU26
 116 0032 06A8     		add	r0, sp, #24
 117 0034 FFF7FEFF 		bl	HAL_RCC_OscConfig
 118              	.LVL1:
 142:Core/Src/main.c ****   {
ARM GAS  C:\Users\15892\AppData\Local\Temp\ccAtj2Vz.s 			page 9


 119              		.loc 1 142 6 view .LVU27
 120 0038 80B9     		cbnz	r0, .L7
 149:Core/Src/main.c ****                               |RCC_CLOCKTYPE_PCLK1|RCC_CLOCKTYPE_PCLK2;
 121              		.loc 1 149 3 is_stmt 1 view .LVU28
 149:Core/Src/main.c ****                               |RCC_CLOCKTYPE_PCLK1|RCC_CLOCKTYPE_PCLK2;
 122              		.loc 1 149 31 is_stmt 0 view .LVU29
 123 003a 0F23     		movs	r3, #15
 124 003c 0193     		str	r3, [sp, #4]
 151:Core/Src/main.c ****   RCC_ClkInitStruct.AHBCLKDivider = RCC_SYSCLK_DIV1;
 125              		.loc 1 151 3 is_stmt 1 view .LVU30
 151:Core/Src/main.c ****   RCC_ClkInitStruct.AHBCLKDivider = RCC_SYSCLK_DIV1;
 126              		.loc 1 151 34 is_stmt 0 view .LVU31
 127 003e 0221     		movs	r1, #2
 128 0040 0291     		str	r1, [sp, #8]
 152:Core/Src/main.c ****   RCC_ClkInitStruct.APB1CLKDivider = RCC_HCLK_DIV2;
 129              		.loc 1 152 3 is_stmt 1 view .LVU32
 152:Core/Src/main.c ****   RCC_ClkInitStruct.APB1CLKDivider = RCC_HCLK_DIV2;
 130              		.loc 1 152 35 is_stmt 0 view .LVU33
 131 0042 0023     		movs	r3, #0
 132 0044 0393     		str	r3, [sp, #12]
 153:Core/Src/main.c ****   RCC_ClkInitStruct.APB2CLKDivider = RCC_HCLK_DIV1;
 133              		.loc 1 153 3 is_stmt 1 view .LVU34
 153:Core/Src/main.c ****   RCC_ClkInitStruct.APB2CLKDivider = RCC_HCLK_DIV1;
 134              		.loc 1 153 36 is_stmt 0 view .LVU35
 135 0046 4FF48062 		mov	r2, #1024
 136 004a 0492     		str	r2, [sp, #16]
 154:Core/Src/main.c **** 
 137              		.loc 1 154 3 is_stmt 1 view .LVU36
 154:Core/Src/main.c **** 
 138              		.loc 1 154 36 is_stmt 0 view .LVU37
 139 004c 0593     		str	r3, [sp, #20]
 156:Core/Src/main.c ****   {
 140              		.loc 1 156 3 is_stmt 1 view .LVU38
 156:Core/Src/main.c ****   {
 141              		.loc 1 156 7 is_stmt 0 view .LVU39
 142 004e 01A8     		add	r0, sp, #4
 143 0050 FFF7FEFF 		bl	HAL_RCC_ClockConfig
 144              	.LVL2:
 156:Core/Src/main.c ****   {
 145              		.loc 1 156 6 view .LVU40
 146 0054 20B9     		cbnz	r0, .L8
 160:Core/Src/main.c **** 
 147              		.loc 1 160 1 view .LVU41
 148 0056 11B0     		add	sp, sp, #68
 149              	.LCFI2:
 150              		.cfi_remember_state
 151              		.cfi_def_cfa_offset 4
 152              		@ sp needed
 153 0058 5DF804FB 		ldr	pc, [sp], #4
 154              	.L7:
 155              	.LCFI3:
 156              		.cfi_restore_state
 144:Core/Src/main.c ****   }
 157              		.loc 1 144 5 is_stmt 1 view .LVU42
 158 005c FFF7FEFF 		bl	Error_Handler
 159              	.LVL3:
 160              	.L8:
ARM GAS  C:\Users\15892\AppData\Local\Temp\ccAtj2Vz.s 			page 10


 158:Core/Src/main.c ****   }
 161              		.loc 1 158 5 view .LVU43
 162 0060 FFF7FEFF 		bl	Error_Handler
 163              	.LVL4:
 164              		.cfi_endproc
 165              	.LFE66:
 167              		.section	.text.main,"ax",%progbits
 168              		.align	1
 169              		.global	main
 170              		.syntax unified
 171              		.thumb
 172              		.thumb_func
 174              	main:
 175              	.LFB65:
  67:Core/Src/main.c ****   /* USER CODE BEGIN 1 */
 176              		.loc 1 67 1 view -0
 177              		.cfi_startproc
 178              		@ args = 0, pretend = 0, frame = 0
 179              		@ frame_needed = 0, uses_anonymous_args = 0
 180 0000 70B5     		push	{r4, r5, r6, lr}
 181              	.LCFI4:
 182              		.cfi_def_cfa_offset 16
 183              		.cfi_offset 4, -16
 184              		.cfi_offset 5, -12
 185              		.cfi_offset 6, -8
 186              		.cfi_offset 14, -4
  69:Core/Src/main.c ****   uint32_t pre_d, comp_d = 0;
 187              		.loc 1 69 3 view .LVU45
 188              	.LVL5:
  70:Core/Src/main.c ****   uint32_t dir = 0;
 189              		.loc 1 70 3 view .LVU46
  71:Core/Src/main.c ****   /* USER CODE END 1 */
 190              		.loc 1 71 3 view .LVU47
  77:Core/Src/main.c **** 
 191              		.loc 1 77 3 view .LVU48
 192 0002 FFF7FEFF 		bl	HAL_Init
 193              	.LVL6:
  84:Core/Src/main.c **** 
 194              		.loc 1 84 3 view .LVU49
 195 0006 FFF7FEFF 		bl	SystemClock_Config
 196              	.LVL7:
  91:Core/Src/main.c ****   MX_TIM3_Init();
 197              		.loc 1 91 3 view .LVU50
 198 000a FFF7FEFF 		bl	MX_GPIO_Init
 199              	.LVL8:
  92:Core/Src/main.c ****   /* USER CODE BEGIN 2 */
 200              		.loc 1 92 3 view .LVU51
 201 000e FFF7FEFF 		bl	MX_TIM3_Init
 202              	.LVL9:
  94:Core/Src/main.c **** 
 203              		.loc 1 94 3 view .LVU52
 204 0012 134C     		ldr	r4, .L18
 205 0014 0421     		movs	r1, #4
 206 0016 2046     		mov	r0, r4
 207 0018 FFF7FEFF 		bl	HAL_TIM_PWM_Start
 208              	.LVL10:
  96:Core/Src/main.c ****   /* USER CODE END 2 */
ARM GAS  C:\Users\15892\AppData\Local\Temp\ccAtj2Vz.s 			page 11


 209              		.loc 1 96 3 view .LVU53
  96:Core/Src/main.c ****   /* USER CODE END 2 */
 210              		.loc 1 96 11 is_stmt 0 view .LVU54
 211 001c 2368     		ldr	r3, [r4]
  96:Core/Src/main.c ****   /* USER CODE END 2 */
 212              		.loc 1 96 9 view .LVU55
 213 001e DE6A     		ldr	r6, [r3, #44]
 214              	.LVL11:
  71:Core/Src/main.c ****   /* USER CODE END 1 */
 215              		.loc 1 71 12 view .LVU56
 216 0020 0025     		movs	r5, #0
  69:Core/Src/main.c ****   uint32_t pre_d, comp_d = 0;
 217              		.loc 1 69 12 view .LVU57
 218 0022 2C46     		mov	r4, r5
 219 0024 12E0     		b	.L10
 220              	.LVL12:
 221              	.L11:
 104:Core/Src/main.c **** 
 222              		.loc 1 104 10 is_stmt 1 view .LVU58
 104:Core/Src/main.c **** 
 223              		.loc 1 104 14 is_stmt 0 view .LVU59
 224 0026 013C     		subs	r4, r4, #1
 225              	.LVL13:
 104:Core/Src/main.c **** 
 226              		.loc 1 104 14 view .LVU60
 227 0028 13E0     		b	.L12
 228              	.L15:
 106:Core/Src/main.c ****     else if(duty == 0) dir = 0;
 229              		.loc 1 106 25 view .LVU61
 230 002a 0125     		movs	r5, #1
 231              	.LVL14:
 232              	.L13:
 109:Core/Src/main.c ****     comp_d = (duty * pre_d) / 100;
 233              		.loc 1 109 5 is_stmt 1 view .LVU62
 234 002c 1420     		movs	r0, #20
 235 002e FFF7FEFF 		bl	HAL_Delay
 236              	.LVL15:
 110:Core/Src/main.c **** 
 237              		.loc 1 110 5 view .LVU63
 110:Core/Src/main.c **** 
 238              		.loc 1 110 20 is_stmt 0 view .LVU64
 239 0032 06FB04F3 		mul	r3, r6, r4
 110:Core/Src/main.c **** 
 240              		.loc 1 110 12 view .LVU65
 241 0036 0B4A     		ldr	r2, .L18+4
 242 0038 A2FB0323 		umull	r2, r3, r2, r3
 243 003c 5809     		lsrs	r0, r3, #5
 244              	.LVL16:
 112:Core/Src/main.c ****     {
 245              		.loc 1 112 5 is_stmt 1 view .LVU66
 112:Core/Src/main.c ****     {
 246              		.loc 1 112 8 is_stmt 0 view .LVU67
 247 003e 084A     		ldr	r2, .L18
 248 0040 1268     		ldr	r2, [r2]
 249 0042 916B     		ldr	r1, [r2, #56]
 112:Core/Src/main.c ****     {
 250              		.loc 1 112 7 view .LVU68
ARM GAS  C:\Users\15892\AppData\Local\Temp\ccAtj2Vz.s 			page 12


 251 0044 B1EB531F 		cmp	r1, r3, lsr #5
 252 0048 00D0     		beq	.L10
 114:Core/Src/main.c ****     }
 253              		.loc 1 114 7 is_stmt 1 view .LVU69
 254 004a 9063     		str	r0, [r2, #56]
 255              	.LVL17:
 256              	.L10:
 101:Core/Src/main.c ****   {
 257              		.loc 1 101 3 view .LVU70
 103:Core/Src/main.c ****     else duty--;
 258              		.loc 1 103 5 view .LVU71
 103:Core/Src/main.c ****     else duty--;
 259              		.loc 1 103 7 is_stmt 0 view .LVU72
 260 004c 002D     		cmp	r5, #0
 261 004e EAD1     		bne	.L11
 103:Core/Src/main.c ****     else duty--;
 262              		.loc 1 103 18 is_stmt 1 discriminator 1 view .LVU73
 103:Core/Src/main.c ****     else duty--;
 263              		.loc 1 103 22 is_stmt 0 discriminator 1 view .LVU74
 264 0050 0134     		adds	r4, r4, #1
 265              	.LVL18:
 266              	.L12:
 106:Core/Src/main.c ****     else if(duty == 0) dir = 0;
 267              		.loc 1 106 5 is_stmt 1 view .LVU75
 106:Core/Src/main.c ****     else if(duty == 0) dir = 0;
 268              		.loc 1 106 7 is_stmt 0 view .LVU76
 269 0052 632C     		cmp	r4, #99
 270 0054 E9D8     		bhi	.L15
 107:Core/Src/main.c **** 
 271              		.loc 1 107 10 is_stmt 1 view .LVU77
 107:Core/Src/main.c **** 
 272              		.loc 1 107 12 is_stmt 0 view .LVU78
 273 0056 002C     		cmp	r4, #0
 274 0058 E8D1     		bne	.L13
 107:Core/Src/main.c **** 
 275              		.loc 1 107 28 view .LVU79
 276 005a 2546     		mov	r5, r4
 277              	.LVL19:
 107:Core/Src/main.c **** 
 278              		.loc 1 107 28 view .LVU80
 279 005c E6E7     		b	.L13
 280              	.L19:
 281 005e 00BF     		.align	2
 282              	.L18:
 283 0060 00000000 		.word	htim3
 284 0064 1F85EB51 		.word	1374389535
 285              		.cfi_endproc
 286              	.LFE65:
 288              		.text
 289              	.Letext0:
 290              		.file 3 "c:\\env\\tools\\gnu_gcc\\arm_gcc\\mingw\\arm-none-eabi\\include\\machine\\_default_types.
 291              		.file 4 "c:\\env\\tools\\gnu_gcc\\arm_gcc\\mingw\\arm-none-eabi\\include\\sys\\_stdint.h"
 292              		.file 5 "Drivers/CMSIS/Device/ST/STM32F1xx/Include/stm32f103xe.h"
 293              		.file 6 "Drivers/STM32F1xx_HAL_Driver/Inc/stm32f1xx_hal_def.h"
 294              		.file 7 "Drivers/STM32F1xx_HAL_Driver/Inc/stm32f1xx_hal_rcc.h"
 295              		.file 8 "Drivers/STM32F1xx_HAL_Driver/Inc/stm32f1xx_hal_rcc_ex.h"
 296              		.file 9 "Drivers/STM32F1xx_HAL_Driver/Inc/stm32f1xx_hal_dma.h"
ARM GAS  C:\Users\15892\AppData\Local\Temp\ccAtj2Vz.s 			page 13


 297              		.file 10 "Drivers/STM32F1xx_HAL_Driver/Inc/stm32f1xx_hal_tim.h"
 298              		.file 11 "Core/Inc/tim.h"
 299              		.file 12 "Drivers/STM32F1xx_HAL_Driver/Inc/stm32f1xx_hal.h"
 300              		.file 13 "Core/Inc/gpio.h"
 301              		.file 14 "<built-in>"
ARM GAS  C:\Users\15892\AppData\Local\Temp\ccAtj2Vz.s 			page 14


DEFINED SYMBOLS
                            *ABS*:00000000 main.c
C:\Users\15892\AppData\Local\Temp\ccAtj2Vz.s:18     .text.Error_Handler:00000000 $t
C:\Users\15892\AppData\Local\Temp\ccAtj2Vz.s:24     .text.Error_Handler:00000000 Error_Handler
C:\Users\15892\AppData\Local\Temp\ccAtj2Vz.s:57     .text.SystemClock_Config:00000000 $t
C:\Users\15892\AppData\Local\Temp\ccAtj2Vz.s:63     .text.SystemClock_Config:00000000 SystemClock_Config
C:\Users\15892\AppData\Local\Temp\ccAtj2Vz.s:168    .text.main:00000000 $t
C:\Users\15892\AppData\Local\Temp\ccAtj2Vz.s:174    .text.main:00000000 main
C:\Users\15892\AppData\Local\Temp\ccAtj2Vz.s:283    .text.main:00000060 $d

UNDEFINED SYMBOLS
memset
HAL_RCC_OscConfig
HAL_RCC_ClockConfig
HAL_Init
MX_GPIO_Init
MX_TIM3_Init
HAL_TIM_PWM_Start
HAL_Delay
htim3
