ARM GAS  C:\Users\15892\AppData\Local\Temp\ccYs4KgL.s 			page 1


   1              		.cpu cortex-m3
   2              		.arch armv7-m
   3              		.fpu softvfp
   4              		.eabi_attribute 20, 1
   5              		.eabi_attribute 21, 1
   6              		.eabi_attribute 23, 3
   7              		.eabi_attribute 24, 1
   8              		.eabi_attribute 25, 1
   9              		.eabi_attribute 26, 1
  10              		.eabi_attribute 30, 1
  11              		.eabi_attribute 34, 1
  12              		.eabi_attribute 18, 4
  13              		.file	"gpio.c"
  14              		.text
  15              	.Ltext0:
  16              		.cfi_sections	.debug_frame
  17              		.section	.text.MX_GPIO_Init,"ax",%progbits
  18              		.align	1
  19              		.global	MX_GPIO_Init
  20              		.syntax unified
  21              		.thumb
  22              		.thumb_func
  24              	MX_GPIO_Init:
  25              	.LFB65:
  26              		.file 1 "Core/Src/gpio.c"
   1:Core/Src/gpio.c **** /* USER CODE BEGIN Header */
   2:Core/Src/gpio.c **** /**
   3:Core/Src/gpio.c ****   ******************************************************************************
   4:Core/Src/gpio.c ****   * @file    gpio.c
   5:Core/Src/gpio.c ****   * @brief   This file provides code for the configuration
   6:Core/Src/gpio.c ****   *          of all used GPIO pins.
   7:Core/Src/gpio.c ****   ******************************************************************************
   8:Core/Src/gpio.c ****   * @attention
   9:Core/Src/gpio.c ****   *
  10:Core/Src/gpio.c ****   * Copyright (c) 2025 STMicroelectronics.
  11:Core/Src/gpio.c ****   * All rights reserved.
  12:Core/Src/gpio.c ****   *
  13:Core/Src/gpio.c ****   * This software is licensed under terms that can be found in the LICENSE file
  14:Core/Src/gpio.c ****   * in the root directory of this software component.
  15:Core/Src/gpio.c ****   * If no LICENSE file comes with this software, it is provided AS-IS.
  16:Core/Src/gpio.c ****   *
  17:Core/Src/gpio.c ****   ******************************************************************************
  18:Core/Src/gpio.c ****   */
  19:Core/Src/gpio.c **** /* USER CODE END Header */
  20:Core/Src/gpio.c **** 
  21:Core/Src/gpio.c **** /* Includes ------------------------------------------------------------------*/
  22:Core/Src/gpio.c **** #include "gpio.h"
  23:Core/Src/gpio.c **** 
  24:Core/Src/gpio.c **** /* USER CODE BEGIN 0 */
  25:Core/Src/gpio.c **** 
  26:Core/Src/gpio.c **** /* USER CODE END 0 */
  27:Core/Src/gpio.c **** 
  28:Core/Src/gpio.c **** /*----------------------------------------------------------------------------*/
  29:Core/Src/gpio.c **** /* Configure GPIO                                                             */
  30:Core/Src/gpio.c **** /*----------------------------------------------------------------------------*/
  31:Core/Src/gpio.c **** /* USER CODE BEGIN 1 */
  32:Core/Src/gpio.c **** 
ARM GAS  C:\Users\15892\AppData\Local\Temp\ccYs4KgL.s 			page 2


  33:Core/Src/gpio.c **** /* USER CODE END 1 */
  34:Core/Src/gpio.c **** 
  35:Core/Src/gpio.c **** /** Configure pins as
  36:Core/Src/gpio.c ****         * Analog
  37:Core/Src/gpio.c ****         * Input
  38:Core/Src/gpio.c ****         * Output
  39:Core/Src/gpio.c ****         * EVENT_OUT
  40:Core/Src/gpio.c ****         * EXTI
  41:Core/Src/gpio.c **** */
  42:Core/Src/gpio.c **** void MX_GPIO_Init(void)
  43:Core/Src/gpio.c **** {
  27              		.loc 1 43 1 view -0
  28              		.cfi_startproc
  29              		@ args = 0, pretend = 0, frame = 32
  30              		@ frame_needed = 0, uses_anonymous_args = 0
  31 0000 2DE9F041 		push	{r4, r5, r6, r7, r8, lr}
  32              	.LCFI0:
  33              		.cfi_def_cfa_offset 24
  34              		.cfi_offset 4, -24
  35              		.cfi_offset 5, -20
  36              		.cfi_offset 6, -16
  37              		.cfi_offset 7, -12
  38              		.cfi_offset 8, -8
  39              		.cfi_offset 14, -4
  40 0004 88B0     		sub	sp, sp, #32
  41              	.LCFI1:
  42              		.cfi_def_cfa_offset 56
  44:Core/Src/gpio.c **** 
  45:Core/Src/gpio.c ****   GPIO_InitTypeDef GPIO_InitStruct = {0};
  43              		.loc 1 45 3 view .LVU1
  44              		.loc 1 45 20 is_stmt 0 view .LVU2
  45 0006 0023     		movs	r3, #0
  46 0008 0493     		str	r3, [sp, #16]
  47 000a 0593     		str	r3, [sp, #20]
  48 000c 0693     		str	r3, [sp, #24]
  49 000e 0793     		str	r3, [sp, #28]
  46:Core/Src/gpio.c **** 
  47:Core/Src/gpio.c ****   /* GPIO Ports Clock Enable */
  48:Core/Src/gpio.c ****   __HAL_RCC_GPIOE_CLK_ENABLE();
  50              		.loc 1 48 3 is_stmt 1 view .LVU3
  51              	.LBB2:
  52              		.loc 1 48 3 view .LVU4
  53              		.loc 1 48 3 view .LVU5
  54 0010 03F18043 		add	r3, r3, #1073741824
  55 0014 03F50433 		add	r3, r3, #135168
  56 0018 9A69     		ldr	r2, [r3, #24]
  57 001a 42F04002 		orr	r2, r2, #64
  58 001e 9A61     		str	r2, [r3, #24]
  59              		.loc 1 48 3 view .LVU6
  60 0020 9A69     		ldr	r2, [r3, #24]
  61 0022 02F04002 		and	r2, r2, #64
  62 0026 0192     		str	r2, [sp, #4]
  63              		.loc 1 48 3 view .LVU7
  64 0028 019A     		ldr	r2, [sp, #4]
  65              	.LBE2:
  66              		.loc 1 48 3 view .LVU8
  49:Core/Src/gpio.c ****   __HAL_RCC_GPIOA_CLK_ENABLE();
ARM GAS  C:\Users\15892\AppData\Local\Temp\ccYs4KgL.s 			page 3


  67              		.loc 1 49 3 view .LVU9
  68              	.LBB3:
  69              		.loc 1 49 3 view .LVU10
  70              		.loc 1 49 3 view .LVU11
  71 002a 9A69     		ldr	r2, [r3, #24]
  72 002c 42F00402 		orr	r2, r2, #4
  73 0030 9A61     		str	r2, [r3, #24]
  74              		.loc 1 49 3 view .LVU12
  75 0032 9A69     		ldr	r2, [r3, #24]
  76 0034 02F00402 		and	r2, r2, #4
  77 0038 0292     		str	r2, [sp, #8]
  78              		.loc 1 49 3 view .LVU13
  79 003a 029A     		ldr	r2, [sp, #8]
  80              	.LBE3:
  81              		.loc 1 49 3 view .LVU14
  50:Core/Src/gpio.c ****   __HAL_RCC_GPIOB_CLK_ENABLE();
  82              		.loc 1 50 3 view .LVU15
  83              	.LBB4:
  84              		.loc 1 50 3 view .LVU16
  85              		.loc 1 50 3 view .LVU17
  86 003c 9A69     		ldr	r2, [r3, #24]
  87 003e 42F00802 		orr	r2, r2, #8
  88 0042 9A61     		str	r2, [r3, #24]
  89              		.loc 1 50 3 view .LVU18
  90 0044 9B69     		ldr	r3, [r3, #24]
  91 0046 03F00803 		and	r3, r3, #8
  92 004a 0393     		str	r3, [sp, #12]
  93              		.loc 1 50 3 view .LVU19
  94 004c 039B     		ldr	r3, [sp, #12]
  95              	.LBE4:
  96              		.loc 1 50 3 view .LVU20
  51:Core/Src/gpio.c **** 
  52:Core/Src/gpio.c ****   /*Configure GPIO pin Output Level */
  53:Core/Src/gpio.c ****   HAL_GPIO_WritePin(LED1_GPIO_Port, LED1_Pin, GPIO_PIN_SET);
  97              		.loc 1 53 3 view .LVU21
  98 004e DFF84480 		ldr	r8, .L3
  99 0052 0122     		movs	r2, #1
 100 0054 2021     		movs	r1, #32
 101 0056 4046     		mov	r0, r8
 102 0058 FFF7FEFF 		bl	HAL_GPIO_WritePin
 103              	.LVL0:
  54:Core/Src/gpio.c **** 
  55:Core/Src/gpio.c ****   /*Configure GPIO pin Output Level */
  56:Core/Src/gpio.c ****   HAL_GPIO_WritePin(LED0_GPIO_Port, LED0_Pin, GPIO_PIN_SET);
 104              		.loc 1 56 3 view .LVU22
 105 005c 0E4D     		ldr	r5, .L3+4
 106 005e 0122     		movs	r2, #1
 107 0060 2021     		movs	r1, #32
 108 0062 2846     		mov	r0, r5
 109 0064 FFF7FEFF 		bl	HAL_GPIO_WritePin
 110              	.LVL1:
  57:Core/Src/gpio.c **** 
  58:Core/Src/gpio.c ****   /*Configure GPIO pin : PtPin */
  59:Core/Src/gpio.c ****   GPIO_InitStruct.Pin = LED1_Pin;
 111              		.loc 1 59 3 view .LVU23
 112              		.loc 1 59 23 is_stmt 0 view .LVU24
 113 0068 2027     		movs	r7, #32
ARM GAS  C:\Users\15892\AppData\Local\Temp\ccYs4KgL.s 			page 4


 114 006a 0497     		str	r7, [sp, #16]
  60:Core/Src/gpio.c ****   GPIO_InitStruct.Mode = GPIO_MODE_OUTPUT_PP;
 115              		.loc 1 60 3 is_stmt 1 view .LVU25
 116              		.loc 1 60 24 is_stmt 0 view .LVU26
 117 006c 0124     		movs	r4, #1
 118 006e 0594     		str	r4, [sp, #20]
  61:Core/Src/gpio.c ****   GPIO_InitStruct.Pull = GPIO_PULLUP;
 119              		.loc 1 61 3 is_stmt 1 view .LVU27
 120              		.loc 1 61 24 is_stmt 0 view .LVU28
 121 0070 0694     		str	r4, [sp, #24]
  62:Core/Src/gpio.c ****   GPIO_InitStruct.Speed = GPIO_SPEED_FREQ_HIGH;
 122              		.loc 1 62 3 is_stmt 1 view .LVU29
 123              		.loc 1 62 25 is_stmt 0 view .LVU30
 124 0072 0326     		movs	r6, #3
 125 0074 0796     		str	r6, [sp, #28]
  63:Core/Src/gpio.c ****   HAL_GPIO_Init(LED1_GPIO_Port, &GPIO_InitStruct);
 126              		.loc 1 63 3 is_stmt 1 view .LVU31
 127 0076 04A9     		add	r1, sp, #16
 128 0078 4046     		mov	r0, r8
 129 007a FFF7FEFF 		bl	HAL_GPIO_Init
 130              	.LVL2:
  64:Core/Src/gpio.c **** 
  65:Core/Src/gpio.c ****   /*Configure GPIO pin : PtPin */
  66:Core/Src/gpio.c ****   GPIO_InitStruct.Pin = LED0_Pin;
 131              		.loc 1 66 3 view .LVU32
 132              		.loc 1 66 23 is_stmt 0 view .LVU33
 133 007e 0497     		str	r7, [sp, #16]
  67:Core/Src/gpio.c ****   GPIO_InitStruct.Mode = GPIO_MODE_OUTPUT_PP;
 134              		.loc 1 67 3 is_stmt 1 view .LVU34
 135              		.loc 1 67 24 is_stmt 0 view .LVU35
 136 0080 0594     		str	r4, [sp, #20]
  68:Core/Src/gpio.c ****   GPIO_InitStruct.Pull = GPIO_PULLUP;
 137              		.loc 1 68 3 is_stmt 1 view .LVU36
 138              		.loc 1 68 24 is_stmt 0 view .LVU37
 139 0082 0694     		str	r4, [sp, #24]
  69:Core/Src/gpio.c ****   GPIO_InitStruct.Speed = GPIO_SPEED_FREQ_HIGH;
 140              		.loc 1 69 3 is_stmt 1 view .LVU38
 141              		.loc 1 69 25 is_stmt 0 view .LVU39
 142 0084 0796     		str	r6, [sp, #28]
  70:Core/Src/gpio.c ****   HAL_GPIO_Init(LED0_GPIO_Port, &GPIO_InitStruct);
 143              		.loc 1 70 3 is_stmt 1 view .LVU40
 144 0086 04A9     		add	r1, sp, #16
 145 0088 2846     		mov	r0, r5
 146 008a FFF7FEFF 		bl	HAL_GPIO_Init
 147              	.LVL3:
  71:Core/Src/gpio.c **** 
  72:Core/Src/gpio.c **** }
 148              		.loc 1 72 1 is_stmt 0 view .LVU41
 149 008e 08B0     		add	sp, sp, #32
 150              	.LCFI2:
 151              		.cfi_def_cfa_offset 24
 152              		@ sp needed
 153 0090 BDE8F081 		pop	{r4, r5, r6, r7, r8, pc}
 154              	.L4:
 155              		.align	2
 156              	.L3:
 157 0094 00180140 		.word	1073813504
ARM GAS  C:\Users\15892\AppData\Local\Temp\ccYs4KgL.s 			page 5


 158 0098 000C0140 		.word	1073810432
 159              		.cfi_endproc
 160              	.LFE65:
 162              		.text
 163              	.Letext0:
 164              		.file 2 "c:\\env\\tools\\gnu_gcc\\arm_gcc\\mingw\\arm-none-eabi\\include\\machine\\_default_types.
 165              		.file 3 "c:\\env\\tools\\gnu_gcc\\arm_gcc\\mingw\\arm-none-eabi\\include\\sys\\_stdint.h"
 166              		.file 4 "Drivers/CMSIS/Device/ST/STM32F1xx/Include/stm32f103xe.h"
 167              		.file 5 "Drivers/STM32F1xx_HAL_Driver/Inc/stm32f1xx_hal_gpio.h"
ARM GAS  C:\Users\15892\AppData\Local\Temp\ccYs4KgL.s 			page 6


DEFINED SYMBOLS
                            *ABS*:00000000 gpio.c
C:\Users\15892\AppData\Local\Temp\ccYs4KgL.s:18     .text.MX_GPIO_Init:00000000 $t
C:\Users\15892\AppData\Local\Temp\ccYs4KgL.s:24     .text.MX_GPIO_Init:00000000 MX_GPIO_Init
C:\Users\15892\AppData\Local\Temp\ccYs4KgL.s:157    .text.MX_GPIO_Init:00000094 $d

UNDEFINED SYMBOLS
HAL_GPIO_WritePin
HAL_GPIO_Init
