ARM GAS  C:\Users\15892\AppData\Local\Temp\ccuv0ikG.s 			page 1


   1              		.cpu cortex-m3
   2              		.arch armv7-m
   3              		.fpu softvfp
   4              		.eabi_attribute 20, 1
   5              		.eabi_attribute 21, 1
   6              		.eabi_attribute 23, 3
   7              		.eabi_attribute 24, 1
   8              		.eabi_attribute 25, 1
   9              		.eabi_attribute 26, 1
  10              		.eabi_attribute 30, 1
  11              		.eabi_attribute 34, 1
  12              		.eabi_attribute 18, 4
  13              		.file	"gpio.c"
  14              		.text
  15              	.Ltext0:
  16              		.cfi_sections	.debug_frame
  17              		.section	.text.MX_GPIO_Init,"ax",%progbits
  18              		.align	1
  19              		.global	MX_GPIO_Init
  20              		.syntax unified
  21              		.thumb
  22              		.thumb_func
  24              	MX_GPIO_Init:
  25              	.LFB65:
  26              		.file 1 "Core/Src/gpio.c"
   1:Core/Src/gpio.c **** /* USER CODE BEGIN Header */
   2:Core/Src/gpio.c **** /**
   3:Core/Src/gpio.c ****   ******************************************************************************
   4:Core/Src/gpio.c ****   * @file    gpio.c
   5:Core/Src/gpio.c ****   * @brief   This file provides code for the configuration
   6:Core/Src/gpio.c ****   *          of all used GPIO pins.
   7:Core/Src/gpio.c ****   ******************************************************************************
   8:Core/Src/gpio.c ****   * @attention
   9:Core/Src/gpio.c ****   *
  10:Core/Src/gpio.c ****   * Copyright (c) 2025 STMicroelectronics.
  11:Core/Src/gpio.c ****   * All rights reserved.
  12:Core/Src/gpio.c ****   *
  13:Core/Src/gpio.c ****   * This software is licensed under terms that can be found in the LICENSE file
  14:Core/Src/gpio.c ****   * in the root directory of this software component.
  15:Core/Src/gpio.c ****   * If no LICENSE file comes with this software, it is provided AS-IS.
  16:Core/Src/gpio.c ****   *
  17:Core/Src/gpio.c ****   ******************************************************************************
  18:Core/Src/gpio.c ****   */
  19:Core/Src/gpio.c **** /* USER CODE END Header */
  20:Core/Src/gpio.c **** 
  21:Core/Src/gpio.c **** /* Includes ------------------------------------------------------------------*/
  22:Core/Src/gpio.c **** #include "gpio.h"
  23:Core/Src/gpio.c **** /* USER CODE BEGIN 0 */
  24:Core/Src/gpio.c **** #include <stdint.h>
  25:Core/Src/gpio.c **** /* USER CODE END 0 */
  26:Core/Src/gpio.c **** 
  27:Core/Src/gpio.c **** /*----------------------------------------------------------------------------*/
  28:Core/Src/gpio.c **** /* Configure GPIO                                                             */
  29:Core/Src/gpio.c **** /*----------------------------------------------------------------------------*/
  30:Core/Src/gpio.c **** /* USER CODE BEGIN 1 */
  31:Core/Src/gpio.c **** 
  32:Core/Src/gpio.c **** /* USER CODE END 1 */
ARM GAS  C:\Users\15892\AppData\Local\Temp\ccuv0ikG.s 			page 2


  33:Core/Src/gpio.c **** 
  34:Core/Src/gpio.c **** /** Configure pins as
  35:Core/Src/gpio.c ****         * Analog
  36:Core/Src/gpio.c ****         * Input
  37:Core/Src/gpio.c ****         * Output
  38:Core/Src/gpio.c ****         * EVENT_OUT
  39:Core/Src/gpio.c ****         * EXTI
  40:Core/Src/gpio.c **** */
  41:Core/Src/gpio.c **** void MX_GPIO_Init(void)
  42:Core/Src/gpio.c **** {
  27              		.loc 1 42 1 view -0
  28              		.cfi_startproc
  29              		@ args = 0, pretend = 0, frame = 32
  30              		@ frame_needed = 0, uses_anonymous_args = 0
  31 0000 2DE9F043 		push	{r4, r5, r6, r7, r8, r9, lr}
  32              	.LCFI0:
  33              		.cfi_def_cfa_offset 28
  34              		.cfi_offset 4, -28
  35              		.cfi_offset 5, -24
  36              		.cfi_offset 6, -20
  37              		.cfi_offset 7, -16
  38              		.cfi_offset 8, -12
  39              		.cfi_offset 9, -8
  40              		.cfi_offset 14, -4
  41 0004 89B0     		sub	sp, sp, #36
  42              	.LCFI1:
  43              		.cfi_def_cfa_offset 64
  43:Core/Src/gpio.c **** 
  44:Core/Src/gpio.c ****   GPIO_InitTypeDef GPIO_InitStruct = {0};
  44              		.loc 1 44 3 view .LVU1
  45              		.loc 1 44 20 is_stmt 0 view .LVU2
  46 0006 0025     		movs	r5, #0
  47 0008 0495     		str	r5, [sp, #16]
  48 000a 0595     		str	r5, [sp, #20]
  49 000c 0695     		str	r5, [sp, #24]
  50 000e 0795     		str	r5, [sp, #28]
  45:Core/Src/gpio.c **** 
  46:Core/Src/gpio.c ****   /* GPIO Ports Clock Enable */
  47:Core/Src/gpio.c ****   __HAL_RCC_GPIOE_CLK_ENABLE();
  51              		.loc 1 47 3 is_stmt 1 view .LVU3
  52              	.LBB2:
  53              		.loc 1 47 3 view .LVU4
  54              		.loc 1 47 3 view .LVU5
  55 0010 294B     		ldr	r3, .L3
  56 0012 9A69     		ldr	r2, [r3, #24]
  57 0014 42F04002 		orr	r2, r2, #64
  58 0018 9A61     		str	r2, [r3, #24]
  59              		.loc 1 47 3 view .LVU6
  60 001a 9A69     		ldr	r2, [r3, #24]
  61 001c 02F04002 		and	r2, r2, #64
  62 0020 0192     		str	r2, [sp, #4]
  63              		.loc 1 47 3 view .LVU7
  64 0022 019A     		ldr	r2, [sp, #4]
  65              	.LBE2:
  66              		.loc 1 47 3 view .LVU8
  48:Core/Src/gpio.c ****   __HAL_RCC_GPIOA_CLK_ENABLE();
  67              		.loc 1 48 3 view .LVU9
ARM GAS  C:\Users\15892\AppData\Local\Temp\ccuv0ikG.s 			page 3


  68              	.LBB3:
  69              		.loc 1 48 3 view .LVU10
  70              		.loc 1 48 3 view .LVU11
  71 0024 9A69     		ldr	r2, [r3, #24]
  72 0026 42F00402 		orr	r2, r2, #4
  73 002a 9A61     		str	r2, [r3, #24]
  74              		.loc 1 48 3 view .LVU12
  75 002c 9A69     		ldr	r2, [r3, #24]
  76 002e 02F00402 		and	r2, r2, #4
  77 0032 0292     		str	r2, [sp, #8]
  78              		.loc 1 48 3 view .LVU13
  79 0034 029A     		ldr	r2, [sp, #8]
  80              	.LBE3:
  81              		.loc 1 48 3 view .LVU14
  49:Core/Src/gpio.c ****   __HAL_RCC_GPIOB_CLK_ENABLE();
  82              		.loc 1 49 3 view .LVU15
  83              	.LBB4:
  84              		.loc 1 49 3 view .LVU16
  85              		.loc 1 49 3 view .LVU17
  86 0036 9A69     		ldr	r2, [r3, #24]
  87 0038 42F00802 		orr	r2, r2, #8
  88 003c 9A61     		str	r2, [r3, #24]
  89              		.loc 1 49 3 view .LVU18
  90 003e 9B69     		ldr	r3, [r3, #24]
  91 0040 03F00803 		and	r3, r3, #8
  92 0044 0393     		str	r3, [sp, #12]
  93              		.loc 1 49 3 view .LVU19
  94 0046 039B     		ldr	r3, [sp, #12]
  95              	.LBE4:
  96              		.loc 1 49 3 view .LVU20
  50:Core/Src/gpio.c **** 
  51:Core/Src/gpio.c ****   /*Configure GPIO pin Output Level */
  52:Core/Src/gpio.c ****   HAL_GPIO_WritePin(LED1_GPIO_Port, LED1_Pin, GPIO_PIN_SET);
  97              		.loc 1 52 3 view .LVU21
  98 0048 1C4E     		ldr	r6, .L3+4
  99 004a 0122     		movs	r2, #1
 100 004c 2021     		movs	r1, #32
 101 004e 3046     		mov	r0, r6
 102 0050 FFF7FEFF 		bl	HAL_GPIO_WritePin
 103              	.LVL0:
  53:Core/Src/gpio.c **** 
  54:Core/Src/gpio.c ****   /*Configure GPIO pin Output Level */
  55:Core/Src/gpio.c ****   HAL_GPIO_WritePin(LED0_GPIO_Port, LED0_Pin, GPIO_PIN_SET);
 104              		.loc 1 55 3 view .LVU22
 105 0054 1A4F     		ldr	r7, .L3+8
 106 0056 0122     		movs	r2, #1
 107 0058 2021     		movs	r1, #32
 108 005a 3846     		mov	r0, r7
 109 005c FFF7FEFF 		bl	HAL_GPIO_WritePin
 110              	.LVL1:
  56:Core/Src/gpio.c **** 
  57:Core/Src/gpio.c ****   /*Configure GPIO pins : PEPin PEPin */
  58:Core/Src/gpio.c ****   GPIO_InitStruct.Pin = KEY1_Pin|KEY0_Pin;
 111              		.loc 1 58 3 view .LVU23
 112              		.loc 1 58 23 is_stmt 0 view .LVU24
 113 0060 1823     		movs	r3, #24
 114 0062 0493     		str	r3, [sp, #16]
ARM GAS  C:\Users\15892\AppData\Local\Temp\ccuv0ikG.s 			page 4


  59:Core/Src/gpio.c ****   GPIO_InitStruct.Mode = GPIO_MODE_INPUT;
 115              		.loc 1 59 3 is_stmt 1 view .LVU25
 116              		.loc 1 59 24 is_stmt 0 view .LVU26
 117 0064 0595     		str	r5, [sp, #20]
  60:Core/Src/gpio.c ****   GPIO_InitStruct.Pull = GPIO_PULLUP;
 118              		.loc 1 60 3 is_stmt 1 view .LVU27
 119              		.loc 1 60 24 is_stmt 0 view .LVU28
 120 0066 0124     		movs	r4, #1
 121 0068 0694     		str	r4, [sp, #24]
  61:Core/Src/gpio.c ****   HAL_GPIO_Init(GPIOE, &GPIO_InitStruct);
 122              		.loc 1 61 3 is_stmt 1 view .LVU29
 123 006a 04A9     		add	r1, sp, #16
 124 006c 3046     		mov	r0, r6
 125 006e FFF7FEFF 		bl	HAL_GPIO_Init
 126              	.LVL2:
  62:Core/Src/gpio.c **** 
  63:Core/Src/gpio.c ****   /*Configure GPIO pin : PtPin */
  64:Core/Src/gpio.c ****   GPIO_InitStruct.Pin = LED1_Pin;
 127              		.loc 1 64 3 view .LVU30
 128              		.loc 1 64 23 is_stmt 0 view .LVU31
 129 0072 4FF02009 		mov	r9, #32
 130 0076 CDF81090 		str	r9, [sp, #16]
  65:Core/Src/gpio.c ****   GPIO_InitStruct.Mode = GPIO_MODE_OUTPUT_PP;
 131              		.loc 1 65 3 is_stmt 1 view .LVU32
 132              		.loc 1 65 24 is_stmt 0 view .LVU33
 133 007a 0594     		str	r4, [sp, #20]
  66:Core/Src/gpio.c ****   GPIO_InitStruct.Pull = GPIO_PULLUP;
 134              		.loc 1 66 3 is_stmt 1 view .LVU34
 135              		.loc 1 66 24 is_stmt 0 view .LVU35
 136 007c 0694     		str	r4, [sp, #24]
  67:Core/Src/gpio.c ****   GPIO_InitStruct.Speed = GPIO_SPEED_FREQ_HIGH;
 137              		.loc 1 67 3 is_stmt 1 view .LVU36
 138              		.loc 1 67 25 is_stmt 0 view .LVU37
 139 007e 4FF00308 		mov	r8, #3
 140 0082 CDF81C80 		str	r8, [sp, #28]
  68:Core/Src/gpio.c ****   HAL_GPIO_Init(LED1_GPIO_Port, &GPIO_InitStruct);
 141              		.loc 1 68 3 is_stmt 1 view .LVU38
 142 0086 04A9     		add	r1, sp, #16
 143 0088 3046     		mov	r0, r6
 144 008a FFF7FEFF 		bl	HAL_GPIO_Init
 145              	.LVL3:
  69:Core/Src/gpio.c **** 
  70:Core/Src/gpio.c ****   /*Configure GPIO pin : PtPin */
  71:Core/Src/gpio.c ****   GPIO_InitStruct.Pin = WK_UP_Pin;
 146              		.loc 1 71 3 view .LVU39
 147              		.loc 1 71 23 is_stmt 0 view .LVU40
 148 008e 0494     		str	r4, [sp, #16]
  72:Core/Src/gpio.c ****   GPIO_InitStruct.Mode = GPIO_MODE_INPUT;
 149              		.loc 1 72 3 is_stmt 1 view .LVU41
 150              		.loc 1 72 24 is_stmt 0 view .LVU42
 151 0090 0595     		str	r5, [sp, #20]
  73:Core/Src/gpio.c ****   GPIO_InitStruct.Pull = GPIO_PULLDOWN;
 152              		.loc 1 73 3 is_stmt 1 view .LVU43
 153              		.loc 1 73 24 is_stmt 0 view .LVU44
 154 0092 0223     		movs	r3, #2
 155 0094 0693     		str	r3, [sp, #24]
  74:Core/Src/gpio.c ****   HAL_GPIO_Init(WK_UP_GPIO_Port, &GPIO_InitStruct);
ARM GAS  C:\Users\15892\AppData\Local\Temp\ccuv0ikG.s 			page 5


 156              		.loc 1 74 3 is_stmt 1 view .LVU45
 157 0096 04A9     		add	r1, sp, #16
 158 0098 0A48     		ldr	r0, .L3+12
 159 009a FFF7FEFF 		bl	HAL_GPIO_Init
 160              	.LVL4:
  75:Core/Src/gpio.c **** 
  76:Core/Src/gpio.c ****   /*Configure GPIO pin : PtPin */
  77:Core/Src/gpio.c ****   GPIO_InitStruct.Pin = LED0_Pin;
 161              		.loc 1 77 3 view .LVU46
 162              		.loc 1 77 23 is_stmt 0 view .LVU47
 163 009e CDF81090 		str	r9, [sp, #16]
  78:Core/Src/gpio.c ****   GPIO_InitStruct.Mode = GPIO_MODE_OUTPUT_PP;
 164              		.loc 1 78 3 is_stmt 1 view .LVU48
 165              		.loc 1 78 24 is_stmt 0 view .LVU49
 166 00a2 0594     		str	r4, [sp, #20]
  79:Core/Src/gpio.c ****   GPIO_InitStruct.Pull = GPIO_PULLUP;
 167              		.loc 1 79 3 is_stmt 1 view .LVU50
 168              		.loc 1 79 24 is_stmt 0 view .LVU51
 169 00a4 0694     		str	r4, [sp, #24]
  80:Core/Src/gpio.c ****   GPIO_InitStruct.Speed = GPIO_SPEED_FREQ_HIGH;
 170              		.loc 1 80 3 is_stmt 1 view .LVU52
 171              		.loc 1 80 25 is_stmt 0 view .LVU53
 172 00a6 CDF81C80 		str	r8, [sp, #28]
  81:Core/Src/gpio.c ****   HAL_GPIO_Init(LED0_GPIO_Port, &GPIO_InitStruct);
 173              		.loc 1 81 3 is_stmt 1 view .LVU54
 174 00aa 04A9     		add	r1, sp, #16
 175 00ac 3846     		mov	r0, r7
 176 00ae FFF7FEFF 		bl	HAL_GPIO_Init
 177              	.LVL5:
  82:Core/Src/gpio.c **** 
  83:Core/Src/gpio.c **** }
 178              		.loc 1 83 1 is_stmt 0 view .LVU55
 179 00b2 09B0     		add	sp, sp, #36
 180              	.LCFI2:
 181              		.cfi_def_cfa_offset 28
 182              		@ sp needed
 183 00b4 BDE8F083 		pop	{r4, r5, r6, r7, r8, r9, pc}
 184              	.L4:
 185              		.align	2
 186              	.L3:
 187 00b8 00100240 		.word	1073876992
 188 00bc 00180140 		.word	1073813504
 189 00c0 000C0140 		.word	1073810432
 190 00c4 00080140 		.word	1073809408
 191              		.cfi_endproc
 192              	.LFE65:
 194              		.section	.text.key_scan,"ax",%progbits
 195              		.align	1
 196              		.global	key_scan
 197              		.syntax unified
 198              		.thumb
 199              		.thumb_func
 201              	key_scan:
 202              	.LVL6:
 203              	.LFB66:
  84:Core/Src/gpio.c **** 
  85:Core/Src/gpio.c **** /* USER CODE BEGIN 2 */
ARM GAS  C:\Users\15892\AppData\Local\Temp\ccuv0ikG.s 			page 6


  86:Core/Src/gpio.c **** uint8_t key_scan(uint8_t mode)
  87:Core/Src/gpio.c **** {
 204              		.loc 1 87 1 is_stmt 1 view -0
 205              		.cfi_startproc
 206              		@ args = 0, pretend = 0, frame = 0
 207              		@ frame_needed = 0, uses_anonymous_args = 0
 208              		.loc 1 87 1 is_stmt 0 view .LVU57
 209 0000 10B5     		push	{r4, lr}
 210              	.LCFI3:
 211              		.cfi_def_cfa_offset 8
 212              		.cfi_offset 4, -8
 213              		.cfi_offset 14, -4
  88:Core/Src/gpio.c ****   static uint8_t key_up = 1;
 214              		.loc 1 88 3 is_stmt 1 view .LVU58
  89:Core/Src/gpio.c ****   uint8_t keyval = 0;
 215              		.loc 1 89 3 view .LVU59
 216              	.LVL7:
  90:Core/Src/gpio.c **** 
  91:Core/Src/gpio.c ****   if(mode) key_up = 1;
 217              		.loc 1 91 3 view .LVU60
 218              		.loc 1 91 5 is_stmt 0 view .LVU61
 219 0002 10B1     		cbz	r0, .L6
 220              		.loc 1 91 12 is_stmt 1 discriminator 1 view .LVU62
 221              		.loc 1 91 19 is_stmt 0 discriminator 1 view .LVU63
 222 0004 274B     		ldr	r3, .L22
 223 0006 0122     		movs	r2, #1
 224 0008 1A70     		strb	r2, [r3]
 225              	.L6:
  92:Core/Src/gpio.c **** 
  93:Core/Src/gpio.c ****   if(key_up && (KEY0 == 0 || KEY1 == 0 || WK_UP == 1))
 226              		.loc 1 93 3 is_stmt 1 view .LVU64
 227              		.loc 1 93 6 is_stmt 0 view .LVU65
 228 000a 264B     		ldr	r3, .L22
 229 000c 1B78     		ldrb	r3, [r3]	@ zero_extendqisi2
 230              		.loc 1 93 5 view .LVU66
 231 000e 4BB3     		cbz	r3, .L7
 232              		.loc 1 93 17 discriminator 1 view .LVU67
 233 0010 1021     		movs	r1, #16
 234 0012 2548     		ldr	r0, .L22+4
 235              	.LVL8:
 236              		.loc 1 93 17 discriminator 1 view .LVU68
 237 0014 FFF7FEFF 		bl	HAL_GPIO_ReadPin
 238              	.LVL9:
 239              		.loc 1 93 13 discriminator 1 view .LVU69
 240 0018 20B1     		cbz	r0, .L8
 241              		.loc 1 93 30 discriminator 2 view .LVU70
 242 001a 0821     		movs	r1, #8
 243 001c 2248     		ldr	r0, .L22+4
 244 001e FFF7FEFF 		bl	HAL_GPIO_ReadPin
 245              	.LVL10:
 246              		.loc 1 93 27 discriminator 2 view .LVU71
 247 0022 C8B9     		cbnz	r0, .L19
 248              	.L8:
  94:Core/Src/gpio.c ****   {
  95:Core/Src/gpio.c ****     HAL_Delay(10);
 249              		.loc 1 95 5 is_stmt 1 view .LVU72
 250 0024 0A20     		movs	r0, #10
ARM GAS  C:\Users\15892\AppData\Local\Temp\ccuv0ikG.s 			page 7


 251 0026 FFF7FEFF 		bl	HAL_Delay
 252              	.LVL11:
  96:Core/Src/gpio.c ****     key_up = 0;
 253              		.loc 1 96 5 view .LVU73
 254              		.loc 1 96 12 is_stmt 0 view .LVU74
 255 002a 1E4B     		ldr	r3, .L22
 256 002c 0022     		movs	r2, #0
 257 002e 1A70     		strb	r2, [r3]
  97:Core/Src/gpio.c **** 
  98:Core/Src/gpio.c ****     if(KEY0 == 0) keyval = KEY0_PRES;
 258              		.loc 1 98 5 is_stmt 1 view .LVU75
 259              		.loc 1 98 8 is_stmt 0 view .LVU76
 260 0030 1021     		movs	r1, #16
 261 0032 1D48     		ldr	r0, .L22+4
 262 0034 FFF7FEFF 		bl	HAL_GPIO_ReadPin
 263              	.LVL12:
 264              		.loc 1 98 7 view .LVU77
 265 0038 E8B1     		cbz	r0, .L12
  89:Core/Src/gpio.c **** 
 266              		.loc 1 89 11 view .LVU78
 267 003a 0024     		movs	r4, #0
 268              	.L9:
 269              	.LVL13:
  99:Core/Src/gpio.c ****     if(KEY1 == 0) keyval = KEY1_PRES;
 270              		.loc 1 99 5 is_stmt 1 view .LVU79
 271              		.loc 1 99 8 is_stmt 0 view .LVU80
 272 003c 0821     		movs	r1, #8
 273 003e 1A48     		ldr	r0, .L22+4
 274 0040 FFF7FEFF 		bl	HAL_GPIO_ReadPin
 275              	.LVL14:
 276              		.loc 1 99 7 view .LVU81
 277 0044 00B9     		cbnz	r0, .L10
 278              		.loc 1 99 26 view .LVU82
 279 0046 0224     		movs	r4, #2
 280              	.LVL15:
 281              	.L10:
 100:Core/Src/gpio.c ****     if(WK_UP == 1) keyval = WKUP_PRES;
 282              		.loc 1 100 5 is_stmt 1 view .LVU83
 283              		.loc 1 100 8 is_stmt 0 view .LVU84
 284 0048 0121     		movs	r1, #1
 285 004a 1848     		ldr	r0, .L22+8
 286 004c FFF7FEFF 		bl	HAL_GPIO_ReadPin
 287              	.LVL16:
 288              		.loc 1 100 7 view .LVU85
 289 0050 0128     		cmp	r0, #1
 290 0052 0ED1     		bne	.L11
 291              		.loc 1 100 27 view .LVU86
 292 0054 0324     		movs	r4, #3
 293              	.LVL17:
 294              		.loc 1 100 27 view .LVU87
 295 0056 0CE0     		b	.L11
 296              	.LVL18:
 297              	.L19:
  93:Core/Src/gpio.c ****   {
 298              		.loc 1 93 43 discriminator 3 view .LVU88
 299 0058 0121     		movs	r1, #1
 300 005a 1448     		ldr	r0, .L22+8
ARM GAS  C:\Users\15892\AppData\Local\Temp\ccuv0ikG.s 			page 8


 301 005c FFF7FEFF 		bl	HAL_GPIO_ReadPin
 302              	.LVL19:
  93:Core/Src/gpio.c ****   {
 303              		.loc 1 93 40 discriminator 3 view .LVU89
 304 0060 0128     		cmp	r0, #1
 305 0062 DFD0     		beq	.L8
 306              	.L7:
 101:Core/Src/gpio.c ****   }
 102:Core/Src/gpio.c ****   else if(KEY0 == 1 && KEY1 == 1 && WK_UP == 0) // 没有任何按键按下
 307              		.loc 1 102 8 is_stmt 1 view .LVU90
 308              		.loc 1 102 11 is_stmt 0 view .LVU91
 309 0064 1021     		movs	r1, #16
 310 0066 1048     		ldr	r0, .L22+4
 311 0068 FFF7FEFF 		bl	HAL_GPIO_ReadPin
 312              	.LVL20:
 313              		.loc 1 102 10 view .LVU92
 314 006c 0128     		cmp	r0, #1
 315 006e 04D0     		beq	.L20
  89:Core/Src/gpio.c **** 
 316              		.loc 1 89 11 view .LVU93
 317 0070 0024     		movs	r4, #0
 318              	.LVL21:
 319              	.L11:
 103:Core/Src/gpio.c ****   {
 104:Core/Src/gpio.c ****     key_up = 1;
 105:Core/Src/gpio.c ****   }
 106:Core/Src/gpio.c ****   return keyval;
 320              		.loc 1 106 3 is_stmt 1 view .LVU94
 107:Core/Src/gpio.c **** }
 321              		.loc 1 107 1 is_stmt 0 view .LVU95
 322 0072 2046     		mov	r0, r4
 323 0074 10BD     		pop	{r4, pc}
 324              	.LVL22:
 325              	.L12:
  98:Core/Src/gpio.c ****     if(KEY1 == 0) keyval = KEY1_PRES;
 326              		.loc 1 98 26 view .LVU96
 327 0076 0124     		movs	r4, #1
 328 0078 E0E7     		b	.L9
 329              	.L20:
 102:Core/Src/gpio.c ****   {
 330              		.loc 1 102 24 discriminator 1 view .LVU97
 331 007a 0821     		movs	r1, #8
 332 007c 0A48     		ldr	r0, .L22+4
 333 007e FFF7FEFF 		bl	HAL_GPIO_ReadPin
 334              	.LVL23:
 102:Core/Src/gpio.c ****   {
 335              		.loc 1 102 21 discriminator 1 view .LVU98
 336 0082 0128     		cmp	r0, #1
 337 0084 01D0     		beq	.L21
  89:Core/Src/gpio.c **** 
 338              		.loc 1 89 11 view .LVU99
 339 0086 0024     		movs	r4, #0
 340 0088 F3E7     		b	.L11
 341              	.L21:
 102:Core/Src/gpio.c ****   {
 342              		.loc 1 102 37 discriminator 2 view .LVU100
 343 008a 0121     		movs	r1, #1
ARM GAS  C:\Users\15892\AppData\Local\Temp\ccuv0ikG.s 			page 9


 344 008c 0748     		ldr	r0, .L22+8
 345 008e FFF7FEFF 		bl	HAL_GPIO_ReadPin
 346              	.LVL24:
 102:Core/Src/gpio.c ****   {
 347              		.loc 1 102 34 discriminator 2 view .LVU101
 348 0092 0446     		mov	r4, r0
 349 0094 18B9     		cbnz	r0, .L17
 104:Core/Src/gpio.c ****   }
 350              		.loc 1 104 5 is_stmt 1 view .LVU102
 104:Core/Src/gpio.c ****   }
 351              		.loc 1 104 12 is_stmt 0 view .LVU103
 352 0096 034B     		ldr	r3, .L22
 353 0098 0122     		movs	r2, #1
 354 009a 1A70     		strb	r2, [r3]
 355 009c E9E7     		b	.L11
 356              	.L17:
  89:Core/Src/gpio.c **** 
 357              		.loc 1 89 11 view .LVU104
 358 009e 0024     		movs	r4, #0
 359 00a0 E7E7     		b	.L11
 360              	.L23:
 361 00a2 00BF     		.align	2
 362              	.L22:
 363 00a4 00000000 		.word	.LANCHOR0
 364 00a8 00180140 		.word	1073813504
 365 00ac 00080140 		.word	1073809408
 366              		.cfi_endproc
 367              	.LFE66:
 369              		.section	.data.key_up.0,"aw"
 370              		.set	.LANCHOR0,. + 0
 373              	key_up.0:
 374 0000 01       		.byte	1
 375              		.text
 376              	.Letext0:
 377              		.file 2 "c:\\env\\tools\\gnu_gcc\\arm_gcc\\mingw\\arm-none-eabi\\include\\machine\\_default_types.
 378              		.file 3 "c:\\env\\tools\\gnu_gcc\\arm_gcc\\mingw\\arm-none-eabi\\include\\sys\\_stdint.h"
 379              		.file 4 "Drivers/CMSIS/Device/ST/STM32F1xx/Include/stm32f103xe.h"
 380              		.file 5 "Drivers/STM32F1xx_HAL_Driver/Inc/stm32f1xx_hal_gpio.h"
 381              		.file 6 "Drivers/STM32F1xx_HAL_Driver/Inc/stm32f1xx_hal.h"
ARM GAS  C:\Users\15892\AppData\Local\Temp\ccuv0ikG.s 			page 10


DEFINED SYMBOLS
                            *ABS*:00000000 gpio.c
C:\Users\15892\AppData\Local\Temp\ccuv0ikG.s:18     .text.MX_GPIO_Init:00000000 $t
C:\Users\15892\AppData\Local\Temp\ccuv0ikG.s:24     .text.MX_GPIO_Init:00000000 MX_GPIO_Init
C:\Users\15892\AppData\Local\Temp\ccuv0ikG.s:187    .text.MX_GPIO_Init:000000b8 $d
C:\Users\15892\AppData\Local\Temp\ccuv0ikG.s:195    .text.key_scan:00000000 $t
C:\Users\15892\AppData\Local\Temp\ccuv0ikG.s:201    .text.key_scan:00000000 key_scan
C:\Users\15892\AppData\Local\Temp\ccuv0ikG.s:363    .text.key_scan:000000a4 $d
C:\Users\15892\AppData\Local\Temp\ccuv0ikG.s:373    .data.key_up.0:00000000 key_up.0

UNDEFINED SYMBOLS
HAL_GPIO_WritePin
HAL_GPIO_Init
HAL_GPIO_ReadPin
HAL_Delay
