ARM GAS  C:\Users\15892\AppData\Local\Temp\ccQaAyUw.s 			page 1


   1              		.cpu cortex-m3
   2              		.arch armv7-m
   3              		.fpu softvfp
   4              		.eabi_attribute 20, 1
   5              		.eabi_attribute 21, 1
   6              		.eabi_attribute 23, 3
   7              		.eabi_attribute 24, 1
   8              		.eabi_attribute 25, 1
   9              		.eabi_attribute 26, 1
  10              		.eabi_attribute 30, 1
  11              		.eabi_attribute 34, 1
  12              		.eabi_attribute 18, 4
  13              		.file	"iwdg.c"
  14              		.text
  15              	.Ltext0:
  16              		.cfi_sections	.debug_frame
  17              		.section	.text.MX_IWDG_Init,"ax",%progbits
  18              		.align	1
  19              		.global	MX_IWDG_Init
  20              		.syntax unified
  21              		.thumb
  22              		.thumb_func
  24              	MX_IWDG_Init:
  25              	.LVL0:
  26              	.LFB65:
  27              		.file 1 "Core/Src/iwdg.c"
   1:Core/Src/iwdg.c **** /* USER CODE BEGIN Header */
   2:Core/Src/iwdg.c **** /**
   3:Core/Src/iwdg.c ****   ******************************************************************************
   4:Core/Src/iwdg.c ****   * @file    iwdg.c
   5:Core/Src/iwdg.c ****   * @brief   This file provides code for the configuration
   6:Core/Src/iwdg.c ****   *          of the IWDG instances.
   7:Core/Src/iwdg.c ****   ******************************************************************************
   8:Core/Src/iwdg.c ****   * @attention
   9:Core/Src/iwdg.c ****   *
  10:Core/Src/iwdg.c ****   * Copyright (c) 2025 STMicroelectronics.
  11:Core/Src/iwdg.c ****   * All rights reserved.
  12:Core/Src/iwdg.c ****   *
  13:Core/Src/iwdg.c ****   * This software is licensed under terms that can be found in the LICENSE file
  14:Core/Src/iwdg.c ****   * in the root directory of this software component.
  15:Core/Src/iwdg.c ****   * If no LICENSE file comes with this software, it is provided AS-IS.
  16:Core/Src/iwdg.c ****   *
  17:Core/Src/iwdg.c ****   ******************************************************************************
  18:Core/Src/iwdg.c ****   */
  19:Core/Src/iwdg.c **** /* USER CODE END Header */
  20:Core/Src/iwdg.c **** /* Includes ------------------------------------------------------------------*/
  21:Core/Src/iwdg.c **** #include "iwdg.h"
  22:Core/Src/iwdg.c **** 
  23:Core/Src/iwdg.c **** /* USER CODE BEGIN 0 */
  24:Core/Src/iwdg.c **** 
  25:Core/Src/iwdg.c **** /* USER CODE END 0 */
  26:Core/Src/iwdg.c **** 
  27:Core/Src/iwdg.c **** IWDG_HandleTypeDef hiwdg;
  28:Core/Src/iwdg.c **** 
  29:Core/Src/iwdg.c **** /* IWDG init function */
  30:Core/Src/iwdg.c **** void MX_IWDG_Init(uint8_t prer, uint16_t rlr)
  31:Core/Src/iwdg.c **** {
ARM GAS  C:\Users\15892\AppData\Local\Temp\ccQaAyUw.s 			page 2


  28              		.loc 1 31 1 view -0
  29              		.cfi_startproc
  30              		@ args = 0, pretend = 0, frame = 0
  31              		@ frame_needed = 0, uses_anonymous_args = 0
  32              		.loc 1 31 1 is_stmt 0 view .LVU1
  33 0000 08B5     		push	{r3, lr}
  34              	.LCFI0:
  35              		.cfi_def_cfa_offset 8
  36              		.cfi_offset 3, -8
  37              		.cfi_offset 14, -4
  32:Core/Src/iwdg.c **** 
  33:Core/Src/iwdg.c ****   /* USER CODE BEGIN IWDG_Init 0 */
  34:Core/Src/iwdg.c **** 
  35:Core/Src/iwdg.c ****   /* USER CODE END IWDG_Init 0 */
  36:Core/Src/iwdg.c **** 
  37:Core/Src/iwdg.c ****   /* USER CODE BEGIN IWDG_Init 1 */
  38:Core/Src/iwdg.c **** 
  39:Core/Src/iwdg.c ****   /* USER CODE END IWDG_Init 1 */
  40:Core/Src/iwdg.c ****   hiwdg.Instance = IWDG;
  38              		.loc 1 40 3 is_stmt 1 view .LVU2
  39              		.loc 1 40 18 is_stmt 0 view .LVU3
  40 0002 044B     		ldr	r3, .L3
  41 0004 044A     		ldr	r2, .L3+4
  42 0006 1A60     		str	r2, [r3]
  41:Core/Src/iwdg.c ****   hiwdg.Init.Prescaler = prer;
  43              		.loc 1 41 3 is_stmt 1 view .LVU4
  44              		.loc 1 41 24 is_stmt 0 view .LVU5
  45 0008 5860     		str	r0, [r3, #4]
  42:Core/Src/iwdg.c ****   hiwdg.Init.Reload = rlr;
  46              		.loc 1 42 3 is_stmt 1 view .LVU6
  47              		.loc 1 42 21 is_stmt 0 view .LVU7
  48 000a 9960     		str	r1, [r3, #8]
  43:Core/Src/iwdg.c ****   HAL_IWDG_Init(&hiwdg);
  49              		.loc 1 43 3 is_stmt 1 view .LVU8
  50 000c 1846     		mov	r0, r3
  51              	.LVL1:
  52              		.loc 1 43 3 is_stmt 0 view .LVU9
  53 000e FFF7FEFF 		bl	HAL_IWDG_Init
  54              	.LVL2:
  44:Core/Src/iwdg.c ****   /* USER CODE BEGIN IWDG_Init 2 */
  45:Core/Src/iwdg.c **** 
  46:Core/Src/iwdg.c ****   /* USER CODE END IWDG_Init 2 */
  47:Core/Src/iwdg.c **** 
  48:Core/Src/iwdg.c **** }
  55              		.loc 1 48 1 view .LVU10
  56 0012 08BD     		pop	{r3, pc}
  57              	.L4:
  58              		.align	2
  59              	.L3:
  60 0014 00000000 		.word	.LANCHOR0
  61 0018 00300040 		.word	1073754112
  62              		.cfi_endproc
  63              	.LFE65:
  65              		.section	.text.iwdg_feed,"ax",%progbits
  66              		.align	1
  67              		.global	iwdg_feed
  68              		.syntax unified
ARM GAS  C:\Users\15892\AppData\Local\Temp\ccQaAyUw.s 			page 3


  69              		.thumb
  70              		.thumb_func
  72              	iwdg_feed:
  73              	.LFB66:
  49:Core/Src/iwdg.c **** 
  50:Core/Src/iwdg.c **** /* USER CODE BEGIN 1 */
  51:Core/Src/iwdg.c **** void iwdg_feed(void)
  52:Core/Src/iwdg.c **** {
  74              		.loc 1 52 1 is_stmt 1 view -0
  75              		.cfi_startproc
  76              		@ args = 0, pretend = 0, frame = 0
  77              		@ frame_needed = 0, uses_anonymous_args = 0
  78 0000 08B5     		push	{r3, lr}
  79              	.LCFI1:
  80              		.cfi_def_cfa_offset 8
  81              		.cfi_offset 3, -8
  82              		.cfi_offset 14, -4
  53:Core/Src/iwdg.c ****   HAL_IWDG_Refresh(&hiwdg);
  83              		.loc 1 53 3 view .LVU12
  84 0002 0248     		ldr	r0, .L7
  85 0004 FFF7FEFF 		bl	HAL_IWDG_Refresh
  86              	.LVL3:
  54:Core/Src/iwdg.c **** }
  87              		.loc 1 54 1 is_stmt 0 view .LVU13
  88 0008 08BD     		pop	{r3, pc}
  89              	.L8:
  90 000a 00BF     		.align	2
  91              	.L7:
  92 000c 00000000 		.word	.LANCHOR0
  93              		.cfi_endproc
  94              	.LFE66:
  96              		.global	hiwdg
  97              		.section	.bss.hiwdg,"aw",%nobits
  98              		.align	2
  99              		.set	.LANCHOR0,. + 0
 102              	hiwdg:
 103 0000 00000000 		.space	12
 103      00000000 
 103      00000000 
 104              		.text
 105              	.Letext0:
 106              		.file 2 "c:\\env\\tools\\gnu_gcc\\arm_gcc\\mingw\\arm-none-eabi\\include\\machine\\_default_types.
 107              		.file 3 "c:\\env\\tools\\gnu_gcc\\arm_gcc\\mingw\\arm-none-eabi\\include\\sys\\_stdint.h"
 108              		.file 4 "Drivers/CMSIS/Device/ST/STM32F1xx/Include/stm32f103xe.h"
 109              		.file 5 "Drivers/STM32F1xx_HAL_Driver/Inc/stm32f1xx_hal_iwdg.h"
 110              		.file 6 "Core/Inc/iwdg.h"
ARM GAS  C:\Users\15892\AppData\Local\Temp\ccQaAyUw.s 			page 4


DEFINED SYMBOLS
                            *ABS*:00000000 iwdg.c
C:\Users\15892\AppData\Local\Temp\ccQaAyUw.s:18     .text.MX_IWDG_Init:00000000 $t
C:\Users\15892\AppData\Local\Temp\ccQaAyUw.s:24     .text.MX_IWDG_Init:00000000 MX_IWDG_Init
C:\Users\15892\AppData\Local\Temp\ccQaAyUw.s:60     .text.MX_IWDG_Init:00000014 $d
C:\Users\15892\AppData\Local\Temp\ccQaAyUw.s:66     .text.iwdg_feed:00000000 $t
C:\Users\15892\AppData\Local\Temp\ccQaAyUw.s:72     .text.iwdg_feed:00000000 iwdg_feed
C:\Users\15892\AppData\Local\Temp\ccQaAyUw.s:92     .text.iwdg_feed:0000000c $d
C:\Users\15892\AppData\Local\Temp\ccQaAyUw.s:102    .bss.hiwdg:00000000 hiwdg
C:\Users\15892\AppData\Local\Temp\ccQaAyUw.s:98     .bss.hiwdg:00000000 $d

UNDEFINED SYMBOLS
HAL_IWDG_Init
HAL_IWDG_Refresh
